2019-08-13 02:04:08  | [93mWelcome to Korbit Salon ^^[0m
xrp                  | trade_in_use 0.0 coins | available 701.150612 coins 
2019-08-13 02:04:08  | Get Last Order from Redis
2019-08-13 02:04:08  | Get Last Order from Redis
2019-08-13 02:04:08  | Get Last Order from Redis
2019-08-13 02:04:08  | Get Last Order from Redis
2019-08-13 02:04:08  | Get Last Order from Redis
2019-08-13 02:04:08  | My Order List is  [] 
2019-08-13 02:04:08  | My Trader List is  OrderedDict([('dongwkim-trader1', False), ('dongwkim-trader2', False), ('dongwkim-trader3', False), ('dongwkim-trader4', False), ('dongwkim-trader5', False)]) 
2019-08-13 02:04:08  | Spawn Trader  dongwkim-trader1 
2019-08-13 02:04:08  | Current Trader is dongwkim-trader1
2019-08-13 02:04:08  | Get Last Order from Redis
2019-08-13 02:09:08  | [93mWelcome to Korbit Salon ^^[0m
xrp                  | trade_in_use 0.0 coins | available 701.150612 coins 
2019-08-13 02:09:08  | Get Last Order from Redis
2019-08-13 02:09:08  | Get Last Order from Redis
2019-08-13 02:09:08  | Get Last Order from Redis
2019-08-13 02:09:08  | Get Last Order from Redis
2019-08-13 02:09:08  | Get Last Order from Redis
2019-08-13 02:09:08  | My Order List is  [] 
2019-08-13 02:09:08  | My Trader List is  OrderedDict([('dongwkim-trader1', False), ('dongwkim-trader2', False), ('dongwkim-trader3', False), ('dongwkim-trader4', False), ('dongwkim-trader5', False)]) 
2019-08-13 02:09:08  | Spawn Trader  dongwkim-trader1 
2019-08-13 02:09:08  | Current Trader is dongwkim-trader1
2019-08-13 02:09:08  | Get Last Order from Redis
2019-08-13 05:12:12  | [93mWelcome to Korbit Salon ^^[0m
xrp                  | trade_in_use 0.0 coins | available 701.150612 coins 
2019-08-13 05:12:12  | Get Last Order from Redis
2019-08-13 05:12:12  | Get Last Order from Redis
2019-08-13 05:12:12  | Get Last Order from Redis
2019-08-13 05:12:12  | Get Last Order from Redis
2019-08-13 05:12:12  | Get Last Order from Redis
2019-08-13 05:12:12  | My Order List is  [] 
2019-08-13 05:12:12  | My Trader List is  OrderedDict([('dongwkim-trader1', False), ('dongwkim-trader2', False), ('dongwkim-trader3', False), ('dongwkim-trader4', False), ('dongwkim-trader5', False)]) 
2019-08-13 05:12:12  | Spawn Trader  dongwkim-trader1 
2019-08-13 05:12:12  | Current Trader is dongwkim-trader1
2019-08-13 05:12:12  | Get Last Order from Redis
2019-08-13 05:16:12  | [93mWelcome to Korbit Salon ^^[0m
xrp                  | trade_in_use 0.0 coins | available 701.150612 coins 
2019-08-13 05:16:12  | Get Last Order from Redis
2019-08-13 05:16:12  | Get Last Order from Redis
2019-08-13 05:16:12  | Get Last Order from Redis
2019-08-13 05:16:12  | Get Last Order from Redis
2019-08-13 05:16:12  | Get Last Order from Redis
2019-08-13 05:16:12  | My Order List is  [] 
2019-08-13 05:16:12  | My Trader List is  OrderedDict([('dongwkim-trader1', False), ('dongwkim-trader2', False), ('dongwkim-trader3', False), ('dongwkim-trader4', False), ('dongwkim-trader5', False)]) 
2019-08-13 05:16:12  | Spawn Trader  dongwkim-trader1 
2019-08-13 05:16:12  | Current Trader is dongwkim-trader1
2019-08-13 05:16:12  | Get Last Order from Redis
2019-08-13 05:15:38  | TEST  | Price: p:322.1/b:322.1/a:325.9/l:318 | Buy/Sell/Vol: 0.000000/0.000000/0.000 | Delta:   -1(-0.3%)/   0(0.0%)/   0(0.0%) Avg:  323/ 322 | deal (0) | bal:225,840  
2019-08-13 05:15:38  | TEST  | Price: p:322.1/b:322.1/a:325.0/l:318 | Buy/Sell/Vol: 0.000000/0.000000/0.000 | Delta:   -1(-0.3%)/   0(0.0%)/   0(0.0%) Avg:  323/ 322 | deal (0) | bal:225,840  
2019-08-13 05:15:38  | TEST  | Price: p:322.1/b:322.1/a:324.9/l:318 | Buy/Sell/Vol: 0.000000/0.000000/0.000 | Delta:   -1(-0.3%)/   0(0.0%)/   0(0.0%) Avg:  323/ 322 | deal (0) | bal:225,840  
2019-08-13 05:41:34  | TEST  | Price: p:322.1/b:322.1/a:324.9/l:318 | Buy/Sell/Vol: 0.000000/0.000000/0.000 | Delta:   -1(-0.3%)/   0(0.0%)/   0(0.0%) Avg:  323/ 322 | deal (0) | bal:225,840  
2019-08-13 06:13:54  | TEST  | Price: p:321.2/b:321.0/a:324.9/l:318 | Buy/Sell/Vol: 0.000000/0.000000/0.000 | Delta:   -2(-0.5%)/  -2(-0.5%)/  -2(-0.5%) Avg:  321/ 321 | deal (0) | bal:225,209  
2019-08-13 06:13:56  | TEST  | Price: p:320.0/b:320.0/a:324.9/l:318 | Buy/Sell/Vol: 0.000000/0.000000/0.000 | Delta:   -2(-0.7%)/  -2(-0.7%)/  -2(-0.7%) Avg:  321/ 321 | deal (0) | bal:224,368  
2019-08-13 06:13:56  | TEST  | Price: p:320.0/b:319.2/a:320.0/l:318 | Buy/Sell/Vol: 0.000000/0.000000/0.000 | Delta:   -2(-0.7%)/  -2(-0.7%)/  -2(-0.7%) Avg:  321/ 321 | deal (0) | bal:224,368  
2019-08-13 06:13:59  | TEST  | Price: p:320.0/b:319.2/a:320.0/l:318 | Buy/Sell/Vol: 0.000000/0.000000/0.000 | Delta:   -2(-0.7%)/  -2(-0.7%)/  -2(-0.7%) Avg:  321/ 321 | deal (0) | bal:224,368  
2019-08-13 06:18:18  | TEST  | Price: p:318.0/b:318.0/a:320.0/l:318 | Buy/Sell/Vol: 0.000000/0.000000/0.000 | Delta:   -4(-1.2%)/  -4(-1.2%)/  -1(-0.3%) Avg:  320/ 320 | deal (0) | bal:222,965  
2019-08-13 06:18:19  | TEST  | Price: p:318.0/b:318.0/a:320.0/l:318 | Buy/Sell/Vol: 0.000000/0.000000/0.000 | Delta:   -4(-1.3%)/  -4(-1.3%)/  -1(-0.4%) Avg:  320/ 320 | deal (0) | bal:222,965  
2019-08-13 06:29:54  | TEST  | Price: p:320.0/b:318.0/a:320.0/l:318 | Buy/Sell/Vol: 0.000000/0.000000/0.000 | Delta:   -2(-0.7%)/   0(0.0%)/   0(0.0%) Avg:  320/ 320 | deal (0) | bal:224,368  
2019-08-13 06:29:57  | TEST  | Price: p:320.0/b:318.0/a:320.0/l:318 | Buy/Sell/Vol: 0.000000/0.000000/0.000 | Delta:   -2(-0.7%)/   0(0.0%)/   0(0.0%) Avg:  320/ 320 | deal (0) | bal:224,368  
2019-08-13 06:30:00  | TEST  | Price: p:320.0/b:318.0/a:320.0/l:318 | Buy/Sell/Vol: 0.000000/0.000000/0.000 | Delta:   -2(-0.7%)/   0(0.0%)/   0(0.0%) Avg:  320/ 320 | deal (0) | bal:224,368  
2019-08-13 06:30:06  | TEST  | Price: p:320.0/b:318.0/a:320.0/l:318 | Buy/Sell/Vol: 0.000000/0.000000/0.000 | Delta:   -2(-0.7%)/   0(0.0%)/   0(0.0%) Avg:  320/ 320 | deal (0) | bal:224,368  
2019-08-13 06:30:15  | TEST  | Price: p:320.0/b:318.0/a:320.0/l:318 | Buy/Sell/Vol: 0.000000/0.000000/0.000 | Delta:   -2(-0.7%)/   0(0.0%)/   0(0.0%) Avg:  320/ 320 | deal (0) | bal:224,368  
2019-08-13 06:31:22  | TEST  | Price: p:320.0/b:318.0/a:320.0/l:318 | Buy/Sell/Vol: 0.000000/0.000000/0.000 | Delta:   -2(-0.7%)/   0(0.0%)/   0(0.0%) Avg:  320/ 320 | deal (0) | bal:224,368  
2019-08-13 06:31:27  | TEST  | Price: p:320.0/b:318.0/a:320.0/l:318 | Buy/Sell/Vol: 0.000000/0.000000/0.000 | Delta:   -2(-0.7%)/   0(0.0%)/   0(0.0%) Avg:  320/ 320 | deal (0) | bal:224,368  
2019-08-13 06:31:30  | TEST  | Price: p:320.0/b:318.0/a:320.0/l:318 | Buy/Sell/Vol: 0.000000/0.000000/0.000 | Delta:   -2(-0.7%)/   0(0.0%)/   0(0.0%) Avg:  320/ 320 | deal (0) | bal:224,368  
2019-08-13 06:31:51  | TEST  | Price: p:320.0/b:318.0/a:320.0/l:318 | Buy/Sell/Vol: 0.000000/0.000000/0.000 | Delta:   -2(-0.7%)/   0(0.0%)/   0(0.0%) Avg:  320/ 320 | deal (0) | bal:224,368  
2019-08-13 06:31:58  | TEST  | Price: p:320.0/b:320.6/a:323.9/l:318 | Buy/Sell/Vol: 0.000000/0.000000/0.000 | Delta:   -2(-0.7%)/   0(0.0%)/   0(0.0%) Avg:  320/ 320 | deal (0) | bal:224,368  
2019-08-13 06:32:10  | TEST  | Price: p:324.0/b:320.6/a:324.0/l:318 | Buy/Sell/Vol: 0.000000/0.000000/0.000 | Delta:    2(0.6%)/   4(1.2%)/   4(1.2%) Avg:  320/ 321 | deal (0) | bal:227,172  
2019-08-13 06:32:10  | TEST  | Price: p:324.0/b:320.7/a:324.0/l:318 | Buy/Sell/Vol: 0.000000/0.000000/0.000 | Delta:    2(0.6%)/   4(1.2%)/   4(1.2%) Avg:  320/ 321 | deal (0) | bal:227,172  
2019-08-13 06:33:36  | TEST  | Price: p:324.0/b:320.7/a:324.0/l:318 | Buy/Sell/Vol: 0.000000/0.000000/0.000 | Delta:    2(0.6%)/   4(1.2%)/   0(0.0%) Avg:  320/ 321 | deal (0) | bal:227,172  
2019-08-13 06:33:36  | TEST  | Price: p:324.0/b:318.0/a:324.0/l:318 | Buy/Sell/Vol: 0.000000/0.000000/0.000 | Delta:    2(0.6%)/   4(1.2%)/   0(0.0%) Avg:  320/ 321 | deal (0) | bal:227,172  
2019-08-13 06:33:36  | TEST  | Price: p:324.0/b:318.1/a:324.0/l:318 | Buy/Sell/Vol: 0.000000/0.000000/0.000 | Delta:    2(0.6%)/   4(1.2%)/   0(0.0%) Avg:  320/ 321 | deal (0) | bal:227,172  
2019-08-13 06:33:36  | TEST  | Price: p:324.0/b:319.0/a:324.0/l:318 | Buy/Sell/Vol: 0.000000/0.000000/0.000 | Delta:    2(0.6%)/   0(0.0%)/   0(0.0%) Avg:  320/ 324 | deal (0) | bal:227,172  
2019-08-13 06:33:36  | TEST  | Price: p:324.0/b:319.1/a:324.0/l:318 | Buy/Sell/Vol: 0.000000/0.000000/0.000 | Delta:    2(0.6%)/   0(0.0%)/   0(0.0%) Avg:  320/ 324 | deal (0) | bal:227,172  
2019-08-13 06:33:36  | TEST  | Price: p:324.0/b:320.0/a:324.0/l:318 | Buy/Sell/Vol: 0.000000/0.000000/0.000 | Delta:    2(0.6%)/   0(0.0%)/   0(0.0%) Avg:  320/ 324 | deal (0) | bal:227,172  
2019-08-13 06:33:36  | TEST  | Price: p:324.0/b:320.1/a:324.0/l:318 | Buy/Sell/Vol: 0.000000/0.000000/0.000 | Delta:    2(0.6%)/   0(0.0%)/   0(0.0%) Avg:  320/ 324 | deal (0) | bal:227,172  
2019-08-13 06:33:36  | TEST  | Price: p:324.0/b:319.1/a:324.0/l:318 | Buy/Sell/Vol: 0.000000/0.000000/0.000 | Delta:    2(0.6%)/   0(0.0%)/   0(0.0%) Avg:  320/ 324 | deal (0) | bal:227,172  
2019-08-13 06:33:36  | TEST  | Price: p:324.0/b:320.0/a:324.0/l:318 | Buy/Sell/Vol: 0.000000/0.000000/0.000 | Delta:    2(0.6%)/   0(0.0%)/   0(0.0%) Avg:  320/ 324 | deal (0) | bal:227,172  
2019-08-13 06:33:36  | TEST  | Price: p:324.0/b:320.1/a:324.0/l:318 | Buy/Sell/Vol: 0.000000/0.000000/0.000 | Delta:    2(0.6%)/   0(0.0%)/   0(0.0%) Avg:  320/ 324 | deal (0) | bal:227,172  
2019-08-13 06:33:36  | TEST  | Price: p:324.0/b:321.0/a:324.0/l:318 | Buy/Sell/Vol: 0.000000/0.000000/0.000 | Delta:    2(0.6%)/   0(0.0%)/   0(0.0%) Avg:  320/ 324 | deal (0) | bal:227,172  
2019-08-13 06:33:36  | TEST  | Price: p:324.0/b:321.1/a:324.0/l:318 | Buy/Sell/Vol: 0.000000/0.000000/0.000 | Delta:    2(0.6%)/   0(0.0%)/   0(0.0%) Avg:  320/ 324 | deal (0) | bal:227,172  
2019-08-13 06:33:36  | TEST  | Price: p:324.0/b:320.1/a:324.0/l:318 | Buy/Sell/Vol: 0.000000/0.000000/0.000 | Delta:    2(0.6%)/   0(0.0%)/   0(0.0%) Avg:  320/ 324 | deal (0) | bal:227,172  
2019-08-13 06:33:36  | TEST  | Price: p:324.0/b:320.1/a:322.0/l:318 | Buy/Sell/Vol: 0.000000/0.000000/0.000 | Delta:    2(0.6%)/   0(0.0%)/   0(0.0%) Avg:  320/ 324 | deal (0) | bal:227,172  
2019-08-13 06:33:36  | TEST  | Price: p:324.0/b:320.1/a:324.0/l:318 | Buy/Sell/Vol: 0.000000/0.000000/0.000 | Delta:    2(0.6%)/   0(0.0%)/   0(0.0%) Avg:  320/ 324 | deal (0) | bal:227,172  
2019-08-13 06:33:36  | TEST  | Price: p:324.0/b:321.0/a:324.0/l:318 | Buy/Sell/Vol: 0.000000/0.000000/0.000 | Delta:    2(0.6%)/   0(0.0%)/   0(0.0%) Avg:  320/ 324 | deal (0) | bal:227,172  
2019-08-13 06:33:36  | TEST  | Price: p:324.0/b:321.1/a:324.0/l:318 | Buy/Sell/Vol: 0.000000/0.000000/0.000 | Delta:    2(0.6%)/   0(0.0%)/   0(0.0%) Avg:  320/ 324 | deal (0) | bal:227,172  
2019-08-13 06:33:36  | TEST  | Price: p:324.0/b:320.0/a:324.0/l:318 | Buy/Sell/Vol: 0.000000/0.000000/0.000 | Delta:    2(0.6%)/   0(0.0%)/   0(0.0%) Avg:  320/ 324 | deal (0) | bal:227,172  
2019-08-13 06:33:36  | TEST  | Price: p:324.0/b:320.1/a:324.0/l:318 | Buy/Sell/Vol: 0.000000/0.000000/0.000 | Delta:    2(0.6%)/   0(0.0%)/   0(0.0%) Avg:  320/ 324 | deal (0) | bal:227,172  
2019-08-13 06:33:36  | TEST  | Price: p:324.0/b:321.0/a:324.0/l:318 | Buy/Sell/Vol: 0.000000/0.000000/0.000 | Delta:    2(0.6%)/   0(0.0%)/   0(0.0%) Avg:  320/ 324 | deal (0) | bal:227,172  
2019-08-13 06:33:36  | TEST  | Price: p:324.0/b:320.1/a:324.0/l:318 | Buy/Sell/Vol: 0.000000/0.000000/0.000 | Delta:    2(0.6%)/   0(0.0%)/   0(0.0%) Avg:  320/ 324 | deal (0) | bal:227,172  
2019-08-13 06:33:36  | TEST  | Price: p:324.0/b:320.1/a:323.9/l:318 | Buy/Sell/Vol: 0.000000/0.000000/0.000 | Delta:    4(1.2%)/   0(0.0%)/   0(0.0%) Avg:  321/ 324 | deal (0) | bal:227,172  
2019-08-13 06:33:36  | TEST  | Price: p:324.0/b:321.0/a:323.9/l:318 | Buy/Sell/Vol: 0.000000/0.000000/0.000 | Delta:    4(1.2%)/   0(0.0%)/   0(0.0%) Avg:  321/ 324 | deal (0) | bal:227,172  
2019-08-13 06:33:36  | TEST  | Price: p:324.0/b:321.1/a:323.9/l:318 | Buy/Sell/Vol: 0.000000/0.000000/0.000 | Delta:    4(1.2%)/   0(0.0%)/   0(0.0%) Avg:  321/ 324 | deal (0) | bal:227,172  
2019-08-13 07:30:49  | TEST  | Price: p:321.1/b:321.1/a:323.9/l:318 | Buy/Sell/Vol: 0.000000/0.000000/0.000 | Delta:    1(0.3%)/   0(0.0%)/   0(0.0%) Avg:  321/ 321 | deal (0) | bal:225,139  
2019-08-13 07:30:49  | TEST  | Price: p:321.1/b:320.0/a:323.9/l:318 | Buy/Sell/Vol: 0.000000/0.000000/0.000 | Delta:    1(0.3%)/   0(0.0%)/   0(0.0%) Avg:  321/ 321 | deal (0) | bal:225,139  
2019-08-13 07:30:49  | TEST  | Price: p:321.1/b:320.1/a:323.9/l:318 | Buy/Sell/Vol: 0.000000/0.000000/0.000 | Delta:    1(0.3%)/   0(0.0%)/   0(0.0%) Avg:  321/ 321 | deal (0) | bal:225,139  
2019-08-13 07:34:15  | [93mWelcome to Korbit Salon ^^[0m
xrp                  | trade_in_use 0.0 coins | available 701.150612 coins 
2019-08-13 07:34:15  | Get Last Order from Redis
2019-08-13 07:34:15  | Get Last Order from Redis
2019-08-13 07:34:15  | Get Last Order from Redis
2019-08-13 07:34:15  | Get Last Order from Redis
2019-08-13 07:34:15  | Get Last Order from Redis
2019-08-13 07:34:15  | My Order List is  [] 
2019-08-13 07:34:15  | My Trader List is  OrderedDict([('dongwkim-trader1', False), ('dongwkim-trader2', False), ('dongwkim-trader3', False), ('dongwkim-trader4', False), ('dongwkim-trader5', False)]) 
2019-08-13 07:34:15  | Spawn Trader  dongwkim-trader1 
2019-08-13 07:34:15  | Current Trader is dongwkim-trader1
2019-08-13 07:34:15  | Get Last Order from Redis
2019-08-13 07:35:15  | [93mWelcome to Korbit Salon ^^[0m
xrp                  | trade_in_use 0.0 coins | available 701.150612 coins 
2019-08-13 07:35:15  | Get Last Order from Redis
2019-08-13 07:35:15  | Get Last Order from Redis
2019-08-13 07:35:15  | Get Last Order from Redis
2019-08-13 07:35:15  | Get Last Order from Redis
2019-08-13 07:35:15  | Get Last Order from Redis
2019-08-13 07:35:15  | My Order List is  [] 
2019-08-13 07:35:15  | My Trader List is  OrderedDict([('dongwkim-trader1', False), ('dongwkim-trader2', False), ('dongwkim-trader3', False), ('dongwkim-trader4', False), ('dongwkim-trader5', False)]) 
2019-08-13 07:35:15  | Spawn Trader  dongwkim-trader1 
2019-08-13 07:35:15  | Current Trader is dongwkim-trader1
2019-08-13 07:35:15  | Get Last Order from Redis
2019-08-13 07:36:15  | [93mWelcome to Korbit Salon ^^[0m
xrp                  | trade_in_use 0.0 coins | available 701.150612 coins 
2019-08-13 07:36:15  | Get Last Order from Redis
2019-08-13 07:36:15  | Get Last Order from Redis
2019-08-13 07:36:15  | Get Last Order from Redis
2019-08-13 07:36:15  | Get Last Order from Redis
2019-08-13 07:36:15  | Get Last Order from Redis
2019-08-13 07:36:15  | My Order List is  [] 
2019-08-13 07:36:15  | My Trader List is  OrderedDict([('dongwkim-trader1', False), ('dongwkim-trader2', False), ('dongwkim-trader3', False), ('dongwkim-trader4', False), ('dongwkim-trader5', False)]) 
2019-08-13 07:36:15  | Spawn Trader  dongwkim-trader1 
2019-08-13 07:36:15  | Current Trader is dongwkim-trader1
2019-08-13 07:36:15  | Get Last Order from Redis
2019-08-13 07:37:15  | [93mWelcome to Korbit Salon ^^[0m
xrp                  | trade_in_use 0.0 coins | available 701.150612 coins 
2019-08-13 07:37:15  | Get Last Order from Redis
2019-08-13 07:37:15  | Get Last Order from Redis
2019-08-13 07:37:15  | Get Last Order from Redis
2019-08-13 07:37:15  | Get Last Order from Redis
2019-08-13 07:37:15  | Get Last Order from Redis
2019-08-13 07:37:15  | My Order List is  [] 
2019-08-13 07:37:15  | My Trader List is  OrderedDict([('dongwkim-trader1', False), ('dongwkim-trader2', False), ('dongwkim-trader3', False), ('dongwkim-trader4', False), ('dongwkim-trader5', False)]) 
2019-08-13 07:37:15  | Spawn Trader  dongwkim-trader1 
2019-08-13 07:37:15  | Current Trader is dongwkim-trader1
2019-08-13 07:37:15  | Get Last Order from Redis
2019-08-13 07:39:15  | [93mWelcome to Korbit Salon ^^[0m
xrp                  | trade_in_use 0.0 coins | available 701.150612 coins 
2019-08-13 07:39:15  | Get Last Order from Redis
2019-08-13 07:39:15  | Get Last Order from Redis
2019-08-13 07:39:15  | Get Last Order from Redis
2019-08-13 07:39:15  | Get Last Order from Redis
2019-08-13 07:39:15  | Get Last Order from Redis
2019-08-13 07:39:15  | My Order List is  [] 
2019-08-13 07:39:15  | My Trader List is  OrderedDict([('dongwkim-trader1', False), ('dongwkim-trader2', False), ('dongwkim-trader3', False), ('dongwkim-trader4', False), ('dongwkim-trader5', False)]) 
2019-08-13 07:39:15  | Spawn Trader  dongwkim-trader1 
2019-08-13 07:39:15  | Current Trader is dongwkim-trader1
2019-08-13 07:39:15  | Get Last Order from Redis
2019-08-13 07:44:21  | TEST  | Price: p:324.0/b:321.0/a:324.0/l:318 | Buy/Sell/Vol: 0.000000/0.000000/0.000 | Delta:    3(0.9%)/   0(0.0%)/   0(0.0%) Avg:  324/ 324 | deal (0) | bal:227,172  
2019-08-13 07:44:21  | TEST  | Price: p:324.0/b:321.2/a:324.0/l:318 | Buy/Sell/Vol: 0.000000/0.000000/0.000 | Delta:    3(0.9%)/   0(0.0%)/   0(0.0%) Avg:  324/ 324 | deal (0) | bal:227,172  
2019-08-13 07:44:21  | TEST  | Price: p:324.0/b:321.3/a:324.0/l:318 | Buy/Sell/Vol: 0.000000/0.000000/0.000 | Delta:    3(0.9%)/   0(0.0%)/   0(0.0%) Avg:  324/ 324 | deal (0) | bal:227,172  
2019-08-13 07:44:21  | TEST  | Price: p:324.0/b:322.0/a:324.0/l:318 | Buy/Sell/Vol: 0.000000/0.000000/0.000 | Delta:    3(0.9%)/   0(0.0%)/   0(0.0%) Avg:  324/ 324 | deal (0) | bal:227,172  
2019-08-13 07:44:21  | TEST  | Price: p:324.0/b:322.1/a:324.0/l:318 | Buy/Sell/Vol: 0.000000/0.000000/0.000 | Delta:    3(0.9%)/   0(0.0%)/   0(0.0%) Avg:  324/ 324 | deal (0) | bal:227,172  
2019-08-13 07:57:54  | TEST  | Price: p:324.0/b:322.1/a:324.0/l:318 | Buy/Sell/Vol: 0.000000/0.000000/0.000 | Delta:    3(0.9%)/   0(0.0%)/   0(0.0%) Avg:  324/ 324 | deal (0) | bal:227,172  
2019-08-13 08:01:02  | TEST  | Price: p:322.0/b:322.0/a:324.0/l:318 | Buy/Sell/Vol: 0.000000/0.000000/0.000 | Delta:    1(0.3%)/  -2(-0.6%)/  -0(-0.0%) Avg:  323/ 322 | deal (0) | bal:225,770  
2019-08-13 08:01:02  | TEST  | Price: p:321.2/b:321.2/a:324.0/l:318 | Buy/Sell/Vol: 0.000000/0.000000/0.000 | Delta:    0(0.0%)/  -3(-0.9%)/  -1(-0.3%) Avg:  323/ 322 | deal (0) | bal:225,209  
2019-08-13 08:01:02  | TEST  | Price: p:321.2/b:321.3/a:324.0/l:318 | Buy/Sell/Vol: 0.000000/0.000000/0.000 | Delta:    0(0.0%)/  -3(-0.9%)/  -1(-0.3%) Avg:  323/ 322 | deal (0) | bal:225,209  
2019-08-13 08:01:02  | TEST  | Price: p:321.2/b:321.3/a:323.9/l:318 | Buy/Sell/Vol: 0.000000/0.000000/0.000 | Delta:    0(0.0%)/  -3(-0.9%)/  -1(-0.3%) Avg:  323/ 322 | deal (0) | bal:225,209  
2019-08-13 08:07:58  | TEST  | Price: p:321.3/b:321.3/a:323.9/l:318 | Buy/Sell/Vol: 0.000000/0.000000/0.000 | Delta:    0(0.1%)/  -1(-0.2%)/   0(0.0%) Avg:  323/ 322 | deal (0) | bal:225,279  
2019-08-13 08:07:58  | TEST  | Price: p:321.3/b:321.2/a:324.0/l:318 | Buy/Sell/Vol: 0.000000/0.000000/0.000 | Delta:    0(0.1%)/  -1(-0.2%)/   0(0.0%) Avg:  323/ 322 | deal (0) | bal:225,279  
2019-08-13 08:07:58  | TEST  | Price: p:321.3/b:321.2/a:323.9/l:318 | Buy/Sell/Vol: 0.000000/0.000000/0.000 | Delta:    0(0.1%)/  -1(-0.2%)/   0(0.0%) Avg:  323/ 322 | deal (0) | bal:225,279  
2019-08-13 08:07:58  | TEST  | Price: p:321.3/b:322.0/a:323.9/l:318 | Buy/Sell/Vol: 0.000000/0.000000/0.000 | Delta:    0(0.1%)/   0(0.0%)/   0(0.0%) Avg:  323/ 321 | deal (0) | bal:225,279  
2019-08-13 08:07:58  | TEST  | Price: p:321.3/b:322.0/a:323.8/l:318 | Buy/Sell/Vol: 0.000000/0.000000/0.000 | Delta:    0(0.1%)/   0(0.0%)/   0(0.0%) Avg:  323/ 321 | deal (0) | bal:225,279  
2019-08-13 08:07:58  | TEST  | Price: p:321.3/b:322.1/a:323.8/l:318 | Buy/Sell/Vol: 0.000000/0.000000/0.000 | Delta:    0(0.1%)/   0(0.0%)/   0(0.0%) Avg:  323/ 321 | deal (0) | bal:225,279  
2019-08-13 08:24:06  | TEST  | Price: p:322.0/b:322.0/a:323.8/l:318 | Buy/Sell/Vol: 0.000000/0.000000/0.000 | Delta:    1(0.3%)/  -0(-0.0%)/  -0(-0.0%) Avg:  323/ 322 | deal (0) | bal:225,770  
2019-08-13 08:24:06  | TEST  | Price: p:322.0/b:322.0/a:323.9/l:318 | Buy/Sell/Vol: 0.000000/0.000000/0.000 | Delta:   -2(-0.6%)/   0(0.0%)/   0(0.0%) Avg:  322/ 322 | deal (0) | bal:225,770  
2019-08-13 08:24:06  | TEST  | Price: p:322.0/b:322.0/a:323.8/l:318 | Buy/Sell/Vol: 0.000000/0.000000/0.000 | Delta:   -2(-0.6%)/   0(0.0%)/   0(0.0%) Avg:  322/ 322 | deal (0) | bal:225,770  
2019-08-13 08:24:06  | TEST  | Price: p:322.0/b:322.0/a:323.9/l:318 | Buy/Sell/Vol: 0.000000/0.000000/0.000 | Delta:   -2(-0.6%)/   0(0.0%)/   0(0.0%) Avg:  322/ 322 | deal (0) | bal:225,770  
2019-08-13 09:11:22  | TEST  | Price: p:322.0/b:321.2/a:322.0/l:318 | Buy/Sell/Vol: 0.000000/0.000000/0.000 | Delta:   -0(-0.0%)/   0(0.0%)/   0(0.0%) Avg:  322/ 322 | deal (0) | bal:225,770  
2019-08-13 09:11:22  | TEST  | Price: p:322.0/b:321.2/a:321.9/l:318 | Buy/Sell/Vol: 0.000000/0.000000/0.000 | Delta:   -0(-0.0%)/   0(0.0%)/   0(0.0%) Avg:  322/ 322 | deal (0) | bal:225,770  
2019-08-13 09:11:42  | TEST  | Price: p:321.9/b:321.2/a:321.9/l:318 | Buy/Sell/Vol: 0.000000/0.000000/0.000 | Delta:   -0(-0.1%)/  -0(-0.0%)/  -0(-0.0%) Avg:  322/ 322 | deal (0) | bal:225,700  
2019-08-13 09:15:44  | TEST  | Price: p:321.9/b:321.2/a:321.9/l:318 | Buy/Sell/Vol: 0.000000/0.000000/0.000 | Delta:   -0(-0.1%)/  -0(-0.0%)/   0(0.0%) Avg:  322/ 322 | deal (0) | bal:225,700  
2019-08-13 09:15:49  | TEST  | Price: p:321.9/b:321.2/a:321.9/l:318 | Buy/Sell/Vol: 0.000000/0.000000/0.000 | Delta:   -0(-0.1%)/  -0(-0.0%)/   0(0.0%) Avg:  322/ 322 | deal (0) | bal:225,700  
2019-08-13 09:24:46  | TEST  | Price: p:322.0/b:321.2/a:322.0/l:318 | Buy/Sell/Vol: 0.000000/0.000000/0.000 | Delta:    0(0.0%)/   0(0.0%)/   0(0.0%) Avg:  322/ 322 | deal (0) | bal:225,770  
2019-08-13 09:24:48  | TEST  | Price: p:322.0/b:321.2/a:322.0/l:318 | Buy/Sell/Vol: 0.000000/0.000000/0.000 | Delta:    0(0.0%)/   0(0.0%)/   0(0.0%) Avg:  322/ 322 | deal (0) | bal:225,770  
2019-08-13 09:24:49  | TEST  | Price: p:322.0/b:321.2/a:322.0/l:318 | Buy/Sell/Vol: 0.000000/0.000000/0.000 | Delta:    0(0.0%)/   0(0.0%)/   0(0.0%) Avg:  322/ 322 | deal (0) | bal:225,770  
2019-08-13 09:24:49  | TEST  | Price: p:322.0/b:321.3/a:322.0/l:318 | Buy/Sell/Vol: 0.000000/0.000000/0.000 | Delta:    0(0.0%)/   0(0.0%)/   0(0.0%) Avg:  322/ 322 | deal (0) | bal:225,770  
2019-08-13 09:24:57  | TEST  | Price: p:322.0/b:321.3/a:322.0/l:318 | Buy/Sell/Vol: 0.000000/0.000000/0.000 | Delta:    0(0.0%)/   0(0.0%)/   0(0.0%) Avg:  322/ 322 | deal (0) | bal:225,770  
2019-08-13 09:25:00  | TEST  | Price: p:322.0/b:321.3/a:322.0/l:318 | Buy/Sell/Vol: 0.000000/0.000000/0.000 | Delta:    0(0.0%)/   0(0.0%)/   0(0.0%) Avg:  322/ 322 | deal (0) | bal:225,770  
2019-08-13 09:25:21  | TEST  | Price: p:322.0/b:321.3/a:322.0/l:318 | Buy/Sell/Vol: 0.000000/0.000000/0.000 | Delta:    0(0.0%)/   0(0.0%)/   0(0.0%) Avg:  322/ 322 | deal (0) | bal:225,770  
2019-08-13 09:49:58  | TEST  | Price: p:321.3/b:321.3/a:322.0/l:318 | Buy/Sell/Vol: 0.000000/0.000000/0.000 | Delta:   -1(-0.2%)/   0(0.0%)/   0(0.0%) Avg:  322/ 321 | deal (0) | bal:225,279  
2019-08-13 09:49:58  | TEST  | Price: p:321.3/b:321.3/a:321.9/l:318 | Buy/Sell/Vol: 0.000000/0.000000/0.000 | Delta:   -1(-0.2%)/   0(0.0%)/   0(0.0%) Avg:  322/ 321 | deal (0) | bal:225,279  
2019-08-13 09:49:58  | TEST  | Price: p:321.3/b:321.2/a:321.9/l:318 | Buy/Sell/Vol: 0.000000/0.000000/0.000 | Delta:   -1(-0.2%)/   0(0.0%)/   0(0.0%) Avg:  322/ 321 | deal (0) | bal:225,279  
2019-08-13 09:49:58  | TEST  | Price: p:321.3/b:321.2/a:321.8/l:318 | Buy/Sell/Vol: 0.000000/0.000000/0.000 | Delta:   -1(-0.2%)/   0(0.0%)/   0(0.0%) Avg:  322/ 321 | deal (0) | bal:225,279  
2019-08-13 09:58:25  | TEST  | Price: p:321.2/b:321.2/a:321.8/l:318 | Buy/Sell/Vol: 0.000000/0.000000/0.000 | Delta:   -1(-0.2%)/  -0(-0.0%)/   0(0.0%) Avg:  322/ 321 | deal (0) | bal:225,209  
2019-08-13 09:58:27  | TEST  | Price: p:320.0/b:320.0/a:321.8/l:318 | Buy/Sell/Vol: 0.000000/0.000000/0.000 | Delta:   -2(-0.6%)/  -1(-0.4%)/  -1(-0.4%) Avg:  322/ 321 | deal (0) | bal:224,368  
2019-08-13 09:58:27  | TEST  | Price: p:320.0/b:320.1/a:321.8/l:318 | Buy/Sell/Vol: 0.000000/0.000000/0.000 | Delta:   -2(-0.6%)/  -1(-0.4%)/  -1(-0.4%) Avg:  322/ 321 | deal (0) | bal:224,368  
2019-08-13 10:40:35  | TEST  | Price: p:320.1/b:320.0/a:321.8/l:318 | Buy/Sell/Vol: 0.000000/0.000000/0.000 | Delta:   -1(-0.4%)/  -0(-0.0%)/  -0(-0.0%) Avg:  321/ 320 | deal (0) | bal:224,438  
2019-08-13 10:40:35  | TEST  | Price: p:320.0/b:320.0/a:321.8/l:318 | Buy/Sell/Vol: 0.000000/0.000000/0.000 | Delta:   -1(-0.4%)/  -0(-0.0%)/  -0(-0.0%) Avg:  321/ 320 | deal (0) | bal:224,368  
2019-08-13 10:41:00  | TEST  | Price: p:321.8/b:320.0/a:321.9/l:318 | Buy/Sell/Vol: 0.000000/0.000000/0.000 | Delta:    0(0.2%)/   2(0.5%)/   2(0.5%) Avg:  321/ 321 | deal (0) | bal:225,630  
2019-08-13 10:41:00  | TEST  | Price: p:321.8/b:320.0/a:321.8/l:318 | Buy/Sell/Vol: 0.000000/0.000000/0.000 | Delta:    0(0.2%)/   2(0.5%)/   2(0.5%) Avg:  321/ 321 | deal (0) | bal:225,630  
2019-08-13 10:41:00  | TEST  | Price: p:321.8/b:320.0/a:321.7/l:318 | Buy/Sell/Vol: 0.000000/0.000000/0.000 | Delta:    0(0.2%)/   2(0.5%)/   0(0.0%) Avg:  321/ 321 | deal (0) | bal:225,630  
2019-08-13 10:41:00  | TEST  | Price: p:321.8/b:320.0/a:321.6/l:318 | Buy/Sell/Vol: 0.000000/0.000000/0.000 | Delta:    0(0.2%)/   2(0.5%)/   0(0.0%) Avg:  321/ 321 | deal (0) | bal:225,630  
2019-08-13 10:49:33  | TEST  | Price: p:321.6/b:320.0/a:321.7/l:318 | Buy/Sell/Vol: 0.000000/0.000000/0.000 | Delta:    0(0.1%)/   2(0.5%)/   0(0.0%) Avg:  321/ 321 | deal (0) | bal:225,490  
2019-08-13 10:41:00  | TEST  | Price: p:321.8/b:320.0/a:321.6/l:318 | Buy/Sell/Vol: 0.000000/0.000000/0.000 | Delta:    0(0.1%)/   2(0.5%)/   0(0.0%) Avg:  321/ 321 | deal (0) | bal:225,630  
2019-08-13 10:49:33  | TEST  | Price: p:321.6/b:320.0/a:321.7/l:318 | Buy/Sell/Vol: 0.000000/0.000000/0.000 | Delta:    0(0.1%)/   2(0.5%)/   0(0.0%) Avg:  321/ 321 | deal (0) | bal:225,490  
2019-08-13 11:15:56  | TEST  | Price: p:320.0/b:320.0/a:321.7/l:318 | Buy/Sell/Vol: 0.000000/0.000000/0.000 | Delta:   -0(-0.0%)/   0(0.0%)/   0(0.0%) Avg:  321/ 320 | deal (0) | bal:224,368  
2019-08-13 11:16:42  | TEST  | Price: p:320.0/b:320.0/a:321.7/l:318 | Buy/Sell/Vol: 0.000000/0.000000/0.000 | Delta:   -0(-0.0%)/   0(0.0%)/   0(0.0%) Avg:  321/ 320 | deal (0) | bal:224,368  
2019-08-13 11:16:42  | TEST  | Price: p:320.0/b:320.0/a:321.0/l:318 | Buy/Sell/Vol: 0.000000/0.000000/0.000 | Delta:   -0(-0.0%)/   0(0.0%)/   0(0.0%) Avg:  321/ 320 | deal (0) | bal:224,368  
2019-08-13 11:16:42  | TEST  | Price: p:320.0/b:320.0/a:320.9/l:318 | Buy/Sell/Vol: 0.000000/0.000000/0.000 | Delta:   -0(-0.0%)/   0(0.0%)/   0(0.0%) Avg:  321/ 320 | deal (0) | bal:224,368  
2019-08-13 11:26:49  | TEST  | Price: p:320.0/b:320.0/a:320.9/l:318 | Buy/Sell/Vol: 0.000000/0.000000/0.000 | Delta:   -0(-0.0%)/   0(0.0%)/   0(0.0%) Avg:  320/ 320 | deal (0) | bal:224,368  
2019-08-13 11:29:21  | TEST  | Price: p:322.0/b:320.0/a:322.0/l:318 | Buy/Sell/Vol: 0.000000/0.000000/0.000 | Delta:    2(0.6%)/   2(0.6%)/   1(0.3%) Avg:  321/ 321 | deal (0) | bal:225,770  
2019-08-13 11:29:21  | TEST  | Price: p:321.7/b:320.0/a:321.9/l:318 | Buy/Sell/Vol: 0.000000/0.000000/0.000 | Delta:    2(0.6%)/   2(0.6%)/   1(0.3%) Avg:  321/ 321 | deal (0) | bal:225,560  
2019-08-13 11:29:22  | TEST  | Price: p:322.0/b:320.0/a:322.0/l:318 | Buy/Sell/Vol: 0.000000/0.000000/0.000 | Delta:    2(0.6%)/   2(0.6%)/   1(0.3%) Avg:  321/ 321 | deal (0) | bal:225,770  
2019-08-13 11:29:22  | TEST  | Price: p:322.0/b:320.1/a:322.0/l:318 | Buy/Sell/Vol: 0.000000/0.000000/0.000 | Delta:    2(0.6%)/   2(0.6%)/   1(0.3%) Avg:  321/ 321 | deal (0) | bal:225,770  
2019-08-13 11:29:22  | TEST  | Price: p:322.0/b:320.2/a:322.0/l:317 | Buy/Sell/Vol: 0.000000/0.000000/0.000 | Delta:    2(0.6%)/   0(0.0%)/   0(0.0%) Avg:  321/ 322 | deal (0) | bal:225,770  
2019-08-13 11:29:22  | TEST  | Price: p:322.0/b:320.2/a:321.9/l:317 | Buy/Sell/Vol: 0.000000/0.000000/0.000 | Delta:    2(0.6%)/   0(0.0%)/   0(0.0%) Avg:  321/ 322 | deal (0) | bal:225,770  
2019-08-13 11:29:22  | TEST  | Price: p:322.0/b:320.2/a:322.0/l:317 | Buy/Sell/Vol: 0.000000/0.000000/0.000 | Delta:    2(0.6%)/   0(0.0%)/   0(0.0%) Avg:  321/ 322 | deal (0) | bal:225,770  
2019-08-13 11:29:22  | TEST  | Price: p:322.0/b:320.2/a:321.9/l:317 | Buy/Sell/Vol: 0.000000/0.000000/0.000 | Delta:    2(0.6%)/   0(0.0%)/   0(0.0%) Avg:  321/ 322 | deal (0) | bal:225,770  
2019-08-13 11:29:22  | TEST  | Price: p:322.0/b:320.2/a:322.0/l:317 | Buy/Sell/Vol: 0.000000/0.000000/0.000 | Delta:    2(0.6%)/   0(0.0%)/   0(0.0%) Avg:  321/ 322 | deal (0) | bal:225,770  
2019-08-13 12:08:14  | TEST  | Price: p:320.2/b:320.1/a:322.0/l:317 | Buy/Sell/Vol: 0.000000/0.000000/0.000 | Delta:    0(0.0%)/  -0(-0.0%)/  -0(-0.0%) Avg:  321/ 320 | deal (0) | bal:224,508  
2019-08-13 12:08:16  | TEST  | Price: p:320.0/b:320.0/a:322.0/l:317 | Buy/Sell/Vol: 0.000000/0.000000/0.000 | Delta:    0(0.0%)/  -0(-0.0%)/  -0(-0.0%) Avg:  321/ 320 | deal (0) | bal:224,368  
2019-08-13 12:08:18  | TEST  | Price: p:320.0/b:320.0/a:322.0/l:317 | Buy/Sell/Vol: 0.000000/0.000000/0.000 | Delta:    0(0.0%)/  -0(-0.1%)/  -0(-0.1%) Avg:  321/ 320 | deal (0) | bal:224,368  
2019-08-13 12:08:24  | TEST  | Price: p:320.0/b:320.0/a:321.9/l:317 | Buy/Sell/Vol: 0.000000/0.000000/0.000 | Delta:    0(0.0%)/  -0(-0.1%)/  -0(-0.1%) Avg:  321/ 320 | deal (0) | bal:224,368  
2019-08-13 12:08:24  | TEST  | Price: p:320.0/b:320.0/a:321.8/l:317 | Buy/Sell/Vol: 0.000000/0.000000/0.000 | Delta:   -0(-0.1%)/   0(0.0%)/   0(0.0%) Avg:  320/ 320 | deal (0) | bal:224,368  
2019-08-13 12:08:24  | TEST  | Price: p:320.0/b:320.0/a:321.9/l:317 | Buy/Sell/Vol: 0.000000/0.000000/0.000 | Delta:   -0(-0.1%)/   0(0.0%)/   0(0.0%) Avg:  320/ 320 | deal (0) | bal:224,368  
2019-08-13 12:08:24  | TEST  | Price: p:320.0/b:320.0/a:321.8/l:317 | Buy/Sell/Vol: 0.000000/0.000000/0.000 | Delta:   -0(-0.1%)/   0(0.0%)/   0(0.0%) Avg:  320/ 320 | deal (0) | bal:224,368  
2019-08-13 12:08:24  | TEST  | Price: p:320.0/b:320.0/a:321.9/l:317 | Buy/Sell/Vol: 0.000000/0.000000/0.000 | Delta:   -0(-0.1%)/   0(0.0%)/   0(0.0%) Avg:  320/ 320 | deal (0) | bal:224,368  
2019-08-13 12:08:24  | TEST  | Price: p:320.0/b:320.0/a:321.8/l:317 | Buy/Sell/Vol: 0.000000/0.000000/0.000 | Delta:   -0(-0.1%)/   0(0.0%)/   0(0.0%) Avg:  320/ 320 | deal (0) | bal:224,368  
2019-08-13 12:55:53  | TEST  | Price: p:320.0/b:319.1/a:320.0/l:317 | Buy/Sell/Vol: 0.000000/0.000000/0.000 | Delta:   -0(-0.1%)/   0(0.0%)/   0(0.0%) Avg:  320/ 320 | deal (0) | bal:224,368  
2019-08-13 12:55:53  | TEST  | Price: p:320.0/b:319.1/a:319.9/l:317 | Buy/Sell/Vol: 0.000000/0.000000/0.000 | Delta:   -0(-0.1%)/   0(0.0%)/   0(0.0%) Avg:  320/ 320 | deal (0) | bal:224,368  
2019-08-13 12:56:09  | TEST  | Price: p:320.0/b:319.1/a:320.0/l:317 | Buy/Sell/Vol: 0.000000/0.000000/0.000 | Delta:   -0(-0.1%)/   0(0.0%)/   0(0.0%) Avg:  320/ 320 | deal (0) | bal:224,368  
2019-08-13 12:58:54  | TEST  | Price: p:320.0/b:319.1/a:320.0/l:317 | Buy/Sell/Vol: 0.000000/0.000000/0.000 | Delta:   -0(-0.1%)/   0(0.0%)/   0(0.0%) Avg:  320/ 320 | deal (0) | bal:224,368  
2019-08-13 12:59:30  | TEST  | Price: p:319.0/b:319.0/a:320.0/l:317 | Buy/Sell/Vol: 0.000000/0.000000/0.000 | Delta:   -1(-0.4%)/  -1(-0.3%)/  -1(-0.3%) Avg:  320/ 320 | deal (0) | bal:223,667  
2019-08-13 12:59:30  | TEST  | Price: p:319.0/b:319.0/a:319.9/l:317 | Buy/Sell/Vol: 0.000000/0.000000/0.000 | Delta:   -1(-0.4%)/  -1(-0.3%)/  -1(-0.3%) Avg:  320/ 320 | deal (0) | bal:223,667  
2019-08-13 12:59:30  | TEST  | Price: p:319.0/b:319.1/a:319.9/l:317 | Buy/Sell/Vol: 0.000000/0.000000/0.000 | Delta:   -1(-0.4%)/  -1(-0.3%)/   0(0.0%) Avg:  320/ 320 | deal (0) | bal:223,667  
2019-08-13 12:59:30  | TEST  | Price: p:319.0/b:319.1/a:319.8/l:317 | Buy/Sell/Vol: 0.000000/0.000000/0.000 | Delta:   -1(-0.4%)/  -1(-0.3%)/   0(0.0%) Avg:  320/ 319 | deal (0) | bal:223,667  
2019-08-13 12:59:30  | TEST  | Price: p:319.0/b:319.1/a:319.9/l:317 | Buy/Sell/Vol: 0.000000/0.000000/0.000 | Delta:   -1(-0.4%)/  -1(-0.3%)/   0(0.0%) Avg:  320/ 319 | deal (0) | bal:223,667  
2019-08-13 13:09:33  | TEST  | Price: p:319.0/b:319.0/a:319.9/l:317 | Buy/Sell/Vol: 0.000000/0.000000/0.000 | Delta:   -1(-0.3%)/  -0(-0.0%)/  -0(-0.0%) Avg:  319/ 319 | deal (0) | bal:223,667  
2019-08-13 13:09:33  | TEST  | Price: p:319.0/b:319.0/a:319.8/l:317 | Buy/Sell/Vol: 0.000000/0.000000/0.000 | Delta:   -1(-0.3%)/  -0(-0.0%)/  -0(-0.0%) Avg:  319/ 319 | deal (0) | bal:223,667  
2019-08-13 13:09:33  | TEST  | Price: p:319.0/b:319.1/a:319.8/l:317 | Buy/Sell/Vol: 0.000000/0.000000/0.000 | Delta:   -1(-0.3%)/  -0(-0.0%)/  -0(-0.0%) Avg:  319/ 319 | deal (0) | bal:223,667  
2019-08-13 13:09:33  | TEST  | Price: p:319.0/b:319.0/a:319.9/l:317 | Buy/Sell/Vol: 0.000000/0.000000/0.000 | Delta:   -1(-0.3%)/  -0(-0.0%)/  -0(-0.0%) Avg:  319/ 319 | deal (0) | bal:223,667  
2019-08-13 13:09:33  | TEST  | Price: p:319.0/b:319.0/a:319.8/l:317 | Buy/Sell/Vol: 0.000000/0.000000/0.000 | Delta:   -1(-0.3%)/  -0(-0.0%)/   0(0.0%) Avg:  319/ 319 | deal (0) | bal:223,667  
2019-08-13 13:09:33  | TEST  | Price: p:319.0/b:319.1/a:319.8/l:317 | Buy/Sell/Vol: 0.000000/0.000000/0.000 | Delta:   -1(-0.3%)/  -0(-0.0%)/   0(0.0%) Avg:  319/ 319 | deal (0) | bal:223,667  
2019-08-13 13:15:37  | TEST  | Price: p:318.0/b:318.0/a:319.8/l:317 | Buy/Sell/Vol: 0.000000/0.000000/0.000 | Delta:   -2(-0.6%)/  -1(-0.3%)/  -1(-0.3%) Avg:  319/ 319 | deal (0) | bal:222,965  
2019-08-13 13:15:37  | TEST  | Price: p:318.0/b:318.0/a:319.9/l:317 | Buy/Sell/Vol: 0.000000/0.000000/0.000 | Delta:   -2(-0.6%)/  -1(-0.3%)/  -1(-0.3%) Avg:  319/ 319 | deal (0) | bal:222,965  
2019-08-13 13:15:37  | TEST  | Price: p:318.0/b:318.0/a:319.8/l:317 | Buy/Sell/Vol: 0.000000/0.000000/0.000 | Delta:   -2(-0.6%)/  -1(-0.3%)/  -1(-0.3%) Avg:  319/ 319 | deal (0) | bal:222,965  
2019-08-13 13:15:37  | TEST  | Price: p:318.0/b:318.0/a:319.9/l:317 | Buy/Sell/Vol: 0.000000/0.000000/0.000 | Delta:   -2(-0.6%)/  -1(-0.3%)/   0(0.0%) Avg:  319/ 319 | deal (0) | bal:222,965  
2019-08-13 13:15:37  | TEST  | Price: p:318.0/b:318.0/a:319.8/l:317 | Buy/Sell/Vol: 0.000000/0.000000/0.000 | Delta:   -2(-0.6%)/  -1(-0.3%)/   0(0.0%) Avg:  319/ 319 | deal (0) | bal:222,965  
2019-08-13 13:15:37  | TEST  | Price: p:318.0/b:318.0/a:319.9/l:317 | Buy/Sell/Vol: 0.000000/0.000000/0.000 | Delta:   -2(-0.6%)/  -1(-0.3%)/   0(0.0%) Avg:  319/ 319 | deal (0) | bal:222,965  
2019-08-13 13:15:37  | TEST  | Price: p:318.0/b:318.0/a:319.8/l:317 | Buy/Sell/Vol: 0.000000/0.000000/0.000 | Delta:   -2(-0.6%)/  -1(-0.3%)/   0(0.0%) Avg:  319/ 319 | deal (0) | bal:222,965  
2019-08-13 13:19:11  | TEST  | Price: p:319.9/b:318.0/a:320.0/l:317 | Buy/Sell/Vol: 0.000000/0.000000/0.000 | Delta:    0(0.0%)/   1(0.3%)/   0(0.1%) Avg:  319/ 319 | deal (0) | bal:224,298  
2019-08-13 13:19:12  | TEST  | Price: p:320.0/b:318.0/a:320.0/l:317 | Buy/Sell/Vol: 0.000000/0.000000/0.000 | Delta:    0(0.0%)/   1(0.3%)/   0(0.1%) Avg:  319/ 319 | deal (0) | bal:224,368  
2019-08-13 13:19:12  | TEST  | Price: p:320.0/b:318.0/a:320.0/l:317 | Buy/Sell/Vol: 0.000000/0.000000/0.000 | Delta:    0(0.0%)/   1(0.3%)/   0(0.1%) Avg:  319/ 319 | deal (0) | bal:224,368  
2019-08-13 13:19:12  | TEST  | Price: p:320.0/b:318.1/a:320.0/l:317 | Buy/Sell/Vol: 0.000000/0.000000/0.000 | Delta:    0(0.0%)/   1(0.3%)/   0(0.1%) Avg:  319/ 319 | deal (0) | bal:224,368  
2019-08-13 13:19:12  | TEST  | Price: p:320.0/b:318.1/a:319.9/l:317 | Buy/Sell/Vol: 0.000000/0.000000/0.000 | Delta:    0(0.0%)/   1(0.3%)/   0(0.0%) Avg:  319/ 319 | deal (0) | bal:224,368  
2019-08-13 13:19:12  | TEST  | Price: p:320.0/b:318.1/a:319.8/l:317 | Buy/Sell/Vol: 0.000000/0.000000/0.000 | Delta:    0(0.0%)/   1(0.3%)/   0(0.0%) Avg:  319/ 319 | deal (0) | bal:224,368  
2019-08-13 13:22:39  | TEST  | Price: p:318.1/b:318.1/a:319.8/l:317 | Buy/Sell/Vol: 0.000000/0.000000/0.000 | Delta:   -2(-0.6%)/  -1(-0.3%)/   0(0.0%) Avg:  319/ 319 | deal (0) | bal:223,036  
2019-08-13 13:22:39  | TEST  | Price: p:318.1/b:318.1/a:319.0/l:317 | Buy/Sell/Vol: 0.000000/0.000000/0.000 | Delta:   -2(-0.6%)/  -1(-0.3%)/   0(0.0%) Avg:  319/ 319 | deal (0) | bal:223,036  
2019-08-13 13:23:25  | TEST  | Price: p:319.0/b:319.2/a:319.8/l:317 | Buy/Sell/Vol: 0.000000/0.000000/0.000 | Delta:   -1(-0.3%)/  -0(-0.0%)/   1(0.3%) Avg:  319/ 319 | deal (0) | bal:223,667  
2019-08-13 13:23:30  | TEST  | Price: p:319.2/b:318.1/a:319.8/l:317 | Buy/Sell/Vol: 0.000000/0.000000/0.000 | Delta:   -1(-0.3%)/   0(0.0%)/   1(0.3%) Avg:  319/ 319 | deal (0) | bal:223,807  
2019-08-13 13:23:25  | TEST  | Price: p:319.0/b:319.2/a:319.8/l:317 | Buy/Sell/Vol: 0.000000/0.000000/0.000 | Delta:   -1(-0.3%)/   0(0.0%)/   1(0.3%) Avg:  319/ 319 | deal (0) | bal:223,667  
2019-08-13 13:23:30  | TEST  | Price: p:319.2/b:318.1/a:319.8/l:317 | Buy/Sell/Vol: 0.000000/0.000000/0.000 | Delta:   -1(-0.3%)/   0(0.0%)/   1(0.3%) Avg:  319/ 319 | deal (0) | bal:223,807  
2019-08-13 13:23:38  | TEST  | Price: p:319.8/b:318.1/a:319.9/l:317 | Buy/Sell/Vol: 0.000000/0.000000/0.000 | Delta:    0(0.0%)/   1(0.3%)/   1(0.3%) Avg:  319/ 319 | deal (0) | bal:224,227  
2019-08-13 13:23:39  | TEST  | Price: p:320.0/b:318.1/a:320.0/l:317 | Buy/Sell/Vol: 0.000000/0.000000/0.000 | Delta:    0(0.0%)/   1(0.3%)/   1(0.3%) Avg:  319/ 319 | deal (0) | bal:224,368  
2019-08-13 13:23:46  | TEST  | Price: p:320.0/b:318.1/a:320.0/l:317 | Buy/Sell/Vol: 0.000000/0.000000/0.000 | Delta:    0(0.0%)/   1(0.3%)/   1(0.3%) Avg:  319/ 319 | deal (0) | bal:224,368  
2019-08-13 13:23:59  | TEST  | Price: p:320.0/b:318.1/a:320.0/l:317 | Buy/Sell/Vol: 0.000000/0.000000/0.000 | Delta:    0(0.0%)/   1(0.3%)/   1(0.3%) Avg:  319/ 319 | deal (0) | bal:224,368  
2019-08-13 13:23:59  | TEST  | Price: p:320.0/b:318.1/a:319.9/l:317 | Buy/Sell/Vol: 0.000000/0.000000/0.000 | Delta:    0(0.0%)/   1(0.3%)/   1(0.3%) Avg:  319/ 319 | deal (0) | bal:224,368  
2019-08-13 13:23:59  | TEST  | Price: p:320.0/b:318.1/a:319.8/l:317 | Buy/Sell/Vol: 0.000000/0.000000/0.000 | Delta:    0(0.0%)/   0(0.1%)/   0(0.0%) Avg:  319/ 320 | deal (0) | bal:224,368  
2019-08-13 13:23:59  | TEST  | Price: p:320.0/b:318.1/a:320.0/l:317 | Buy/Sell/Vol: 0.000000/0.000000/0.000 | Delta:    0(0.0%)/   0(0.1%)/   0(0.0%) Avg:  319/ 320 | deal (0) | bal:224,368  
2019-08-13 13:23:59  | TEST  | Price: p:320.0/b:318.1/a:319.9/l:317 | Buy/Sell/Vol: 0.000000/0.000000/0.000 | Delta:    0(0.0%)/   0(0.1%)/   0(0.0%) Avg:  319/ 320 | deal (0) | bal:224,368  
2019-08-13 13:23:59  | TEST  | Price: p:320.0/b:318.2/a:319.9/l:317 | Buy/Sell/Vol: 0.000000/0.000000/0.000 | Delta:    0(0.0%)/   0(0.1%)/   0(0.0%) Avg:  319/ 320 | deal (0) | bal:224,368  
2019-08-13 13:23:59  | TEST  | Price: p:320.0/b:318.2/a:319.8/l:317 | Buy/Sell/Vol: 0.000000/0.000000/0.000 | Delta:    0(0.0%)/   2(0.6%)/   0(0.0%) Avg:  319/ 320 | deal (0) | bal:224,368  
2019-08-13 13:23:59  | TEST  | Price: p:320.0/b:318.1/a:320.0/l:317 | Buy/Sell/Vol: 0.000000/0.000000/0.000 | Delta:    0(0.0%)/   2(0.6%)/   0(0.0%) Avg:  319/ 320 | deal (0) | bal:224,368  
2019-08-13 13:23:59  | TEST  | Price: p:320.0/b:318.2/a:319.9/l:317 | Buy/Sell/Vol: 0.000000/0.000000/0.000 | Delta:    0(0.0%)/   2(0.6%)/   0(0.0%) Avg:  319/ 320 | deal (0) | bal:224,368  
2019-08-13 13:46:45  | TEST  | Price: p:319.9/b:318.2/a:320.0/l:317 | Buy/Sell/Vol: 0.000000/0.000000/0.000 | Delta:    0(0.0%)/   0(0.0%)/   0(0.0%) Avg:  319/ 320 | deal (0) | bal:224,298  
2019-08-13 13:46:45  | TEST  | Price: p:320.0/b:318.2/a:320.0/l:317 | Buy/Sell/Vol: 0.000000/0.000000/0.000 | Delta:    0(0.0%)/   0(0.0%)/   0(0.0%) Avg:  319/ 320 | deal (0) | bal:224,368  
2019-08-13 13:59:25  | TEST  | Price: p:320.0/b:318.2/a:320.0/l:317 | Buy/Sell/Vol: 0.000000/0.000000/0.000 | Delta:    1(0.3%)/   0(0.0%)/   0(0.0%) Avg:  319/ 320 | deal (0) | bal:224,368  
2019-08-13 13:59:32  | TEST  | Price: p:320.0/b:318.2/a:320.0/l:317 | Buy/Sell/Vol: 0.000000/0.000000/0.000 | Delta:    1(0.3%)/   0(0.0%)/   0(0.0%) Avg:  319/ 320 | deal (0) | bal:224,368  
2019-08-13 13:59:40  | TEST  | Price: p:320.0/b:318.2/a:320.0/l:317 | Buy/Sell/Vol: 0.000000/0.000000/0.000 | Delta:    1(0.3%)/   0(0.0%)/   0(0.0%) Avg:  319/ 320 | deal (0) | bal:224,368  
2019-08-13 13:59:47  | TEST  | Price: p:320.0/b:318.2/a:320.0/l:317 | Buy/Sell/Vol: 0.000000/0.000000/0.000 | Delta:    1(0.3%)/   0(0.0%)/   0(0.0%) Avg:  319/ 320 | deal (0) | bal:224,368  
2019-08-13 14:00:01  | TEST  | Price: p:320.0/b:318.2/a:320.0/l:317 | Buy/Sell/Vol: 0.000000/0.000000/0.000 | Delta:    1(0.3%)/   0(0.0%)/   0(0.0%) Avg:  319/ 320 | deal (0) | bal:224,368  
2019-08-13 14:13:37  | TEST  | Price: p:320.0/b:318.2/a:320.0/l:317 | Buy/Sell/Vol: 0.000000/0.000000/0.000 | Delta:    1(0.3%)/   0(0.0%)/   0(0.0%) Avg:  320/ 320 | deal (0) | bal:224,368  
2019-08-13 14:23:54  | TEST  | Price: p:320.0/b:318.2/a:320.0/l:317 | Buy/Sell/Vol: 0.000000/0.000000/0.000 | Delta:    0(0.0%)/   0(0.0%)/   0(0.0%) Avg:  320/ 320 | deal (0) | bal:224,368  
2019-08-13 14:41:59  | TEST  | Price: p:320.0/b:318.2/a:320.0/l:317 | Buy/Sell/Vol: 0.000000/0.000000/0.000 | Delta:    0(0.0%)/   0(0.0%)/   0(0.0%) Avg:  320/ 320 | deal (0) | bal:224,368  
2019-08-13 15:02:06  | TEST  | Price: p:318.0/b:318.0/a:320.0/l:317 | Buy/Sell/Vol: 0.000000/0.000000/0.000 | Delta:   -2(-0.6%)/  -0(-0.1%)/  -0(-0.1%) Avg:  319/ 318 | deal (0) | bal:222,965  
2019-08-13 15:02:06  | TEST  | Price: p:318.0/b:318.0/a:319.9/l:317 | Buy/Sell/Vol: 0.000000/0.000000/0.000 | Delta:   -2(-0.6%)/  -0(-0.1%)/  -0(-0.1%) Avg:  319/ 318 | deal (0) | bal:222,965  
2019-08-13 15:02:06  | TEST  | Price: p:318.0/b:318.1/a:319.9/l:317 | Buy/Sell/Vol: 0.000000/0.000000/0.000 | Delta:   -2(-0.6%)/  -0(-0.1%)/  -0(-0.1%) Avg:  319/ 318 | deal (0) | bal:222,965  
2019-08-13 15:02:06  | TEST  | Price: p:318.0/b:318.0/a:319.9/l:317 | Buy/Sell/Vol: 0.000000/0.000000/0.000 | Delta:   -2(-0.6%)/  -0(-0.1%)/  -0(-0.1%) Avg:  319/ 318 | deal (0) | bal:222,965  
2019-08-13 15:02:06  | TEST  | Price: p:318.0/b:318.1/a:319.9/l:317 | Buy/Sell/Vol: 0.000000/0.000000/0.000 | Delta:   -2(-0.6%)/  -0(-0.1%)/   0(0.0%) Avg:  319/ 318 | deal (0) | bal:222,965  
2019-08-13 15:14:29  | TEST  | Price: p:319.9/b:318.1/a:319.9/l:317 | Buy/Sell/Vol: 0.000000/0.000000/0.000 | Delta:   -0(-0.0%)/   0(0.0%)/   0(0.0%) Avg:  319/ 320 | deal (0) | bal:224,298  
2019-08-13 15:20:06  | TEST  | Price: p:320.0/b:318.1/a:320.0/l:317 | Buy/Sell/Vol: 0.000000/0.000000/0.000 | Delta:    0(0.0%)/   0(0.0%)/   0(0.0%) Avg:  319/ 320 | deal (0) | bal:224,368  
2019-08-13 15:20:07  | TEST  | Price: p:320.0/b:318.1/a:320.0/l:317 | Buy/Sell/Vol: 0.000000/0.000000/0.000 | Delta:    0(0.0%)/   0(0.0%)/   0(0.0%) Avg:  319/ 320 | deal (0) | bal:224,368  
2019-08-13 15:25:29  | TEST  | Price: p:318.1/b:318.1/a:320.0/l:317 | Buy/Sell/Vol: 0.000000/0.000000/0.000 | Delta:   -2(-0.6%)/  -2(-0.6%)/   0(0.0%) Avg:  319/ 320 | deal (0) | bal:223,036  
2019-08-13 15:25:29  | TEST  | Price: p:318.1/b:318.1/a:319.9/l:317 | Buy/Sell/Vol: 0.000000/0.000000/0.000 | Delta:   -2(-0.6%)/  -2(-0.6%)/   0(0.0%) Avg:  319/ 320 | deal (0) | bal:223,036  
2019-08-13 15:25:29  | TEST  | Price: p:318.1/b:318.2/a:319.9/l:316 | Buy/Sell/Vol: 0.000000/0.000000/0.000 | Delta:   -2(-0.6%)/  -2(-0.6%)/   0(0.0%) Avg:  319/ 320 | deal (0) | bal:223,036  
2019-08-13 15:29:42  | TEST  | Price: p:318.2/b:318.2/a:319.9/l:316 | Buy/Sell/Vol: 0.000000/0.000000/0.000 | Delta:   -2(-0.6%)/  -2(-0.5%)/   0(0.0%) Avg:  319/ 319 | deal (0) | bal:223,106  
2019-08-13 15:29:45  | TEST  | Price: p:318.2/b:318.2/a:319.9/l:316 | Buy/Sell/Vol: 0.000000/0.000000/0.000 | Delta:   -2(-0.6%)/  -2(-0.5%)/   0(0.0%) Avg:  319/ 319 | deal (0) | bal:223,106  
2019-08-13 15:29:45  | TEST  | Price: p:318.2/b:318.3/a:319.9/l:316 | Buy/Sell/Vol: 0.000000/0.000000/0.000 | Delta:   -2(-0.6%)/   0(0.0%)/   0(0.0%) Avg:  319/ 318 | deal (0) | bal:223,106  
2019-08-13 15:29:45  | TEST  | Price: p:318.2/b:318.3/a:320.0/l:316 | Buy/Sell/Vol: 0.000000/0.000000/0.000 | Delta:   -2(-0.6%)/   0(0.0%)/   0(0.0%) Avg:  319/ 318 | deal (0) | bal:223,106  
2019-08-13 15:31:53  | TEST  | Price: p:318.3/b:318.2/a:320.0/l:316 | Buy/Sell/Vol: 0.000000/0.000000/0.000 | Delta:   -2(-0.6%)/   0(0.0%)/  -0(-0.0%) Avg:  319/ 318 | deal (0) | bal:223,176  
2019-08-13 15:31:53  | TEST  | Price: p:318.2/b:318.2/a:320.0/l:316 | Buy/Sell/Vol: 0.000000/0.000000/0.000 | Delta:   -2(-0.6%)/   0(0.0%)/  -0(-0.0%) Avg:  319/ 318 | deal (0) | bal:223,106  
2019-08-13 15:41:15  | TEST  | Price: p:318.2/b:318.2/a:320.0/l:316 | Buy/Sell/Vol: 0.000000/0.000000/0.000 | Delta:   -2(-0.6%)/  -0(-0.0%)/   0(0.0%) Avg:  319/ 318 | deal (0) | bal:223,106  
2019-08-13 15:41:15  | TEST  | Price: p:318.2/b:318.2/a:320.0/l:316 | Buy/Sell/Vol: 0.000000/0.000000/0.000 | Delta:   -2(-0.6%)/  -0(-0.0%)/   0(0.0%) Avg:  319/ 318 | deal (0) | bal:223,106  
2019-08-13 15:59:07  | TEST  | Price: p:318.0/b:318.0/a:320.0/l:316 | Buy/Sell/Vol: 0.000000/0.000000/0.000 | Delta:   -0(-0.1%)/  -0(-0.1%)/  -0(-0.1%) Avg:  319/ 318 | deal (0) | bal:222,965  
2019-08-13 16:08:14  | TEST  | Price: p:318.0/b:318.0/a:320.0/l:316 | Buy/Sell/Vol: 0.000000/0.000000/0.000 | Delta:   -2(-0.6%)/  -0(-0.1%)/   0(0.0%) Avg:  319/ 318 | deal (0) | bal:222,965  
2019-08-13 16:08:52  | TEST  | Price: p:318.0/b:317.2/a:320.0/l:316 | Buy/Sell/Vol: 0.000000/0.000000/0.000 | Delta:   -2(-0.6%)/  -0(-0.1%)/   0(0.0%) Avg:  319/ 318 | deal (0) | bal:222,965  
2019-08-13 16:08:52  | TEST  | Price: p:318.0/b:317.2/a:319.9/l:316 | Buy/Sell/Vol: 0.000000/0.000000/0.000 | Delta:   -2(-0.6%)/   0(0.0%)/   0(0.0%) Avg:  319/ 318 | deal (0) | bal:222,965  
2019-08-13 16:08:52  | TEST  | Price: p:318.0/b:317.3/a:319.9/l:316 | Buy/Sell/Vol: 0.000000/0.000000/0.000 | Delta:   -0(-0.1%)/   0(0.0%)/   0(0.0%) Avg:  318/ 318 | deal (0) | bal:222,965  
2019-08-13 16:08:52  | TEST  | Price: p:318.0/b:317.4/a:319.9/l:316 | Buy/Sell/Vol: 0.000000/0.000000/0.000 | Delta:   -0(-0.1%)/   0(0.0%)/   0(0.0%) Avg:  318/ 318 | deal (0) | bal:222,965  
2019-08-13 16:08:52  | TEST  | Price: p:318.0/b:318.0/a:319.9/l:316 | Buy/Sell/Vol: 0.000000/0.000000/0.000 | Delta:   -0(-0.1%)/   0(0.0%)/   0(0.0%) Avg:  318/ 318 | deal (0) | bal:222,965  
2019-08-13 16:54:14  | TEST  | Price: p:318.0/b:318.0/a:319.9/l:316 | Buy/Sell/Vol: 0.000000/0.000000/0.000 | Delta:   -0(-0.1%)/   0(0.0%)/   0(0.0%) Avg:  318/ 318 | deal (0) | bal:222,965  
2019-08-13 16:54:45  | TEST  | Price: p:317.4/b:317.4/a:319.9/l:316 | Buy/Sell/Vol: 0.000000/0.000000/0.000 | Delta:   -1(-0.3%)/  -1(-0.2%)/  -1(-0.2%) Avg:  318/ 318 | deal (0) | bal:222,545  
2019-08-13 16:59:23  | TEST  | Price: p:317.3/b:317.2/a:319.9/l:316 | Buy/Sell/Vol: 0.000000/0.000000/0.000 | Delta:   -1(-0.2%)/  -1(-0.2%)/  -0(-0.0%) Avg:  318/ 318 | deal (0) | bal:222,475  
2019-08-13 16:59:23  | TEST  | Price: p:317.3/b:317.2/a:319.0/l:316 | Buy/Sell/Vol: 0.000000/0.000000/0.000 | Delta:   -1(-0.2%)/  -1(-0.2%)/   0(0.0%) Avg:  318/ 318 | deal (0) | bal:222,475  
2019-08-13 16:59:23  | TEST  | Price: p:317.3/b:317.2/a:318.9/l:316 | Buy/Sell/Vol: 0.000000/0.000000/0.000 | Delta:   -1(-0.2%)/  -1(-0.2%)/   0(0.0%) Avg:  318/ 318 | deal (0) | bal:222,475  
2019-08-13 17:02:40  | TEST  | Price: p:318.9/b:317.2/a:318.9/l:316 | Buy/Sell/Vol: 0.000000/0.000000/0.000 | Delta:    1(0.3%)/   1(0.3%)/   0(0.0%) Avg:  318/ 318 | deal (0) | bal:223,596  
2019-08-13 17:02:40  | TEST  | Price: p:318.9/b:317.2/a:318.5/l:316 | Buy/Sell/Vol: 0.000000/0.000000/0.000 | Delta:    1(0.3%)/   1(0.3%)/   0(0.0%) Avg:  318/ 318 | deal (0) | bal:223,596  
2019-08-13 17:05:38  | TEST  | Price: p:317.2/b:317.2/a:318.5/l:316 | Buy/Sell/Vol: 0.000000/0.000000/0.000 | Delta:   -1(-0.3%)/  -0(-0.1%)/   0(0.0%) Avg:  318/ 318 | deal (0) | bal:222,404  
2019-08-13 17:50:29  | TEST  | Price: p:318.5/b:317.2/a:318.5/l:316 | Buy/Sell/Vol: 0.000000/0.000000/0.000 | Delta:    0(0.2%)/   0(0.0%)/   0(0.0%) Avg:  318/ 318 | deal (0) | bal:223,316  
2019-08-13 17:50:29  | TEST  | Price: p:318.5/b:317.2/a:318.5/l:316 | Buy/Sell/Vol: 0.000000/0.000000/0.000 | Delta:    0(0.2%)/   0(0.0%)/   0(0.0%) Avg:  318/ 318 | deal (0) | bal:223,316  
2019-08-13 18:56:28  | [93mWelcome to Korbit Salon ^^[0m
xrp                  | trade_in_use 0.0 coins | available 701.150612 coins 
2019-08-13 18:56:28  | Get Last Order from Redis
2019-08-13 18:56:28  | Get Last Order from Redis
2019-08-13 18:56:28  | Get Last Order from Redis
2019-08-13 18:56:28  | Get Last Order from Redis
2019-08-13 18:56:28  | Get Last Order from Redis
2019-08-13 18:56:28  | My Order List is  [] 
2019-08-13 18:56:28  | My Trader List is  OrderedDict([('dongwkim-trader1', False), ('dongwkim-trader2', False), ('dongwkim-trader3', False), ('dongwkim-trader4', False), ('dongwkim-trader5', False)]) 
2019-08-13 18:56:28  | Spawn Trader  dongwkim-trader1 
2019-08-13 18:56:28  | Current Trader is dongwkim-trader1
2019-08-13 18:56:28  | Get Last Order from Redis
2019-08-13 18:57:28  | [93mWelcome to Korbit Salon ^^[0m
xrp                  | trade_in_use 0.0 coins | available 701.150612 coins 
2019-08-13 18:57:29  | Get Last Order from Redis
2019-08-13 18:57:29  | Get Last Order from Redis
2019-08-13 18:57:29  | Get Last Order from Redis
2019-08-13 18:57:29  | Get Last Order from Redis
2019-08-13 18:57:29  | Get Last Order from Redis
2019-08-13 18:57:29  | My Order List is  [] 
2019-08-13 18:57:29  | My Trader List is  OrderedDict([('dongwkim-trader1', False), ('dongwkim-trader2', False), ('dongwkim-trader3', False), ('dongwkim-trader4', False), ('dongwkim-trader5', False)]) 
2019-08-13 18:57:29  | Spawn Trader  dongwkim-trader1 
2019-08-13 18:57:29  | Current Trader is dongwkim-trader1
2019-08-13 18:57:29  | Get Last Order from Redis
2019-08-13 18:58:28  | [93mWelcome to Korbit Salon ^^[0m
xrp                  | trade_in_use 0.0 coins | available 701.150612 coins 
2019-08-13 18:58:29  | Get Last Order from Redis
2019-08-13 18:58:29  | Get Last Order from Redis
2019-08-13 18:58:29  | Get Last Order from Redis
2019-08-13 18:58:29  | Get Last Order from Redis
2019-08-13 18:58:29  | Get Last Order from Redis
2019-08-13 18:58:29  | My Order List is  [] 
2019-08-13 18:58:29  | My Trader List is  OrderedDict([('dongwkim-trader1', False), ('dongwkim-trader2', False), ('dongwkim-trader3', False), ('dongwkim-trader4', False), ('dongwkim-trader5', False)]) 
2019-08-13 18:58:29  | Spawn Trader  dongwkim-trader1 
2019-08-13 18:58:29  | Current Trader is dongwkim-trader1
2019-08-13 18:58:29  | Get Last Order from Redis
2019-08-13 19:01:29  | [93mWelcome to Korbit Salon ^^[0m
xrp                  | trade_in_use 0.0 coins | available 701.150612 coins 
2019-08-13 19:01:29  | Get Last Order from Redis
2019-08-13 19:01:29  | Get Last Order from Redis
2019-08-13 19:01:29  | Get Last Order from Redis
2019-08-13 19:01:29  | Get Last Order from Redis
2019-08-13 19:01:29  | Get Last Order from Redis
2019-08-13 19:01:29  | My Order List is  [] 
2019-08-13 19:01:29  | My Trader List is  OrderedDict([('dongwkim-trader1', False), ('dongwkim-trader2', False), ('dongwkim-trader3', False), ('dongwkim-trader4', False), ('dongwkim-trader5', False)]) 
2019-08-13 19:01:29  | Spawn Trader  dongwkim-trader1 
2019-08-13 19:01:29  | Current Trader is dongwkim-trader1
2019-08-13 19:01:29  | Get Last Order from Redis
2019-08-13 19:06:28  | [93mWelcome to Korbit Salon ^^[0m
xrp                  | trade_in_use 0.0 coins | available 701.150612 coins 
2019-08-13 19:06:29  | Get Last Order from Redis
2019-08-13 19:06:29  | Get Last Order from Redis
2019-08-13 19:06:29  | Get Last Order from Redis
2019-08-13 19:06:29  | Get Last Order from Redis
2019-08-13 19:06:29  | Get Last Order from Redis
2019-08-13 19:06:29  | My Order List is  [] 
2019-08-13 19:06:29  | My Trader List is  OrderedDict([('dongwkim-trader1', False), ('dongwkim-trader2', False), ('dongwkim-trader3', False), ('dongwkim-trader4', False), ('dongwkim-trader5', False)]) 
2019-08-13 19:06:29  | Spawn Trader  dongwkim-trader1 
2019-08-13 19:06:29  | Current Trader is dongwkim-trader1
2019-08-13 19:06:29  | Get Last Order from Redis
2019-08-13 19:11:19  | TEST  | Price: p:317.2/b:317.2/a:318.5/l:316 | Buy/Sell/Vol: 0.000000/0.000000/0.000 | Delta:   -1(-0.4%)/   0(0.0%)/   0(0.0%) Avg:  318/ 317 | deal (0) | bal:222,404  
2019-08-13 19:22:54  | TEST  | Price: p:318.5/b:317.2/a:318.5/l:316 | Buy/Sell/Vol: 0.000000/0.000000/0.000 | Delta:    0(0.0%)/   0(0.0%)/   0(0.0%) Avg:  318/ 318 | deal (0) | bal:223,316  
2019-08-13 19:27:23  | TEST  | Price: p:318.5/b:317.2/a:318.5/l:316 | Buy/Sell/Vol: 0.000000/0.000000/0.000 | Delta:    0(0.0%)/   0(0.0%)/   0(0.0%) Avg:  318/ 318 | deal (0) | bal:223,316  
2019-08-13 19:27:38  | TEST  | Price: p:318.5/b:317.2/a:320.0/l:316 | Buy/Sell/Vol: 0.000000/0.000000/0.000 | Delta:    0(0.0%)/   0(0.0%)/   0(0.0%) Avg:  318/ 318 | deal (0) | bal:223,316  
2019-08-13 19:27:38  | TEST  | Price: p:318.5/b:317.2/a:318.6/l:316 | Buy/Sell/Vol: 0.000000/0.000000/0.000 | Delta:    0(0.0%)/   0(0.0%)/   0(0.0%) Avg:  318/ 318 | deal (0) | bal:223,316  
2019-08-13 19:31:54  | TEST  | Price: p:318.6/b:317.2/a:320.0/l:316 | Buy/Sell/Vol: 0.000000/0.000000/0.000 | Delta:    0(0.0%)/   0(0.0%)/   0(0.0%) Avg:  318/ 319 | deal (0) | bal:223,386  
2019-08-13 19:31:54  | TEST  | Price: p:318.6/b:318.0/a:320.0/l:316 | Buy/Sell/Vol: 0.000000/0.000000/0.000 | Delta:    0(0.0%)/   0(0.0%)/   0(0.0%) Avg:  318/ 319 | deal (0) | bal:223,386  
2019-08-13 19:31:54  | TEST  | Price: p:318.6/b:317.2/a:320.0/l:316 | Buy/Sell/Vol: 0.000000/0.000000/0.000 | Delta:    0(0.0%)/   0(0.0%)/   0(0.0%) Avg:  318/ 319 | deal (0) | bal:223,386  
2019-08-13 19:31:54  | TEST  | Price: p:318.6/b:318.5/a:320.0/l:316 | Buy/Sell/Vol: 0.000000/0.000000/0.000 | Delta:    0(0.0%)/   0(0.0%)/   0(0.0%) Avg:  318/ 319 | deal (0) | bal:223,386  
2019-08-13 19:31:54  | TEST  | Price: p:318.6/b:317.2/a:320.0/l:316 | Buy/Sell/Vol: 0.000000/0.000000/0.000 | Delta:    0(0.0%)/   0(0.0%)/   0(0.0%) Avg:  318/ 319 | deal (0) | bal:223,386  
2019-08-13 19:31:54  | TEST  | Price: p:318.6/b:318.0/a:320.0/l:316 | Buy/Sell/Vol: 0.000000/0.000000/0.000 | Delta:    1(0.4%)/   0(0.0%)/   0(0.0%) Avg:  318/ 319 | deal (0) | bal:223,386  
2019-08-13 19:31:54  | TEST  | Price: p:318.6/b:317.2/a:320.0/l:316 | Buy/Sell/Vol: 0.000000/0.000000/0.000 | Delta:    1(0.4%)/   0(0.0%)/   0(0.0%) Avg:  318/ 319 | deal (0) | bal:223,386  
2019-08-13 19:31:54  | TEST  | Price: p:318.6/b:317.3/a:320.0/l:316 | Buy/Sell/Vol: 0.000000/0.000000/0.000 | Delta:    1(0.4%)/   0(0.0%)/   0(0.0%) Avg:  318/ 319 | deal (0) | bal:223,386  
2019-08-13 19:31:54  | TEST  | Price: p:318.6/b:318.0/a:320.0/l:316 | Buy/Sell/Vol: 0.000000/0.000000/0.000 | Delta:    0(0.0%)/   0(0.0%)/   0(0.0%) Avg:  319/ 319 | deal (0) | bal:223,386  
2019-08-13 19:31:54  | TEST  | Price: p:318.6/b:317.3/a:320.0/l:316 | Buy/Sell/Vol: 0.000000/0.000000/0.000 | Delta:    0(0.0%)/   0(0.0%)/   0(0.0%) Avg:  319/ 319 | deal (0) | bal:223,386  
2019-08-13 20:17:12  | TEST  | Price: p:320.0/b:317.3/a:320.0/l:316 | Buy/Sell/Vol: 0.000000/0.000000/0.000 | Delta:    2(0.5%)/   0(0.0%)/   0(0.0%) Avg:  319/ 320 | deal (0) | bal:224,368  
2019-08-13 20:20:57  | TEST  | Price: p:317.1/b:317.1/a:320.0/l:316 | Buy/Sell/Vol: 0.000000/0.000000/0.000 | Delta:   -1(-0.4%)/  -3(-0.9%)/  -0(-0.1%) Avg:  318/ 318 | deal (0) | bal:222,334  
2019-08-13 20:20:57  | TEST  | Price: p:317.1/b:317.1/a:320.0/l:316 | Buy/Sell/Vol: 0.000000/0.000000/0.000 | Delta:   -2(-0.5%)/  -3(-0.9%)/  -0(-0.1%) Avg:  318/ 317 | deal (0) | bal:222,334  
2019-08-13 20:20:58  | TEST  | Price: p:317.0/b:317.0/a:320.0/l:316 | Buy/Sell/Vol: 0.000000/0.000000/0.000 | Delta:   -2(-0.5%)/  -3(-0.9%)/  -0(-0.1%) Avg:  318/ 317 | deal (0) | bal:222,264  
2019-08-13 20:20:58  | TEST  | Price: p:317.0/b:317.0/a:319.9/l:316 | Buy/Sell/Vol: 0.000000/0.000000/0.000 | Delta:   -2(-0.5%)/  -3(-0.9%)/   0(0.0%) Avg:  318/ 317 | deal (0) | bal:222,264  
2019-08-13 20:24:31  | TEST  | Price: p:317.0/b:317.0/a:319.9/l:316 | Buy/Sell/Vol: 0.000000/0.000000/0.000 | Delta:   -2(-0.5%)/  -3(-0.9%)/   0(0.0%) Avg:  318/ 317 | deal (0) | bal:222,264  
2019-08-13 20:25:34  | TEST  | Price: p:316.3/b:316.3/a:319.9/l:316 | Buy/Sell/Vol: 0.000000/0.000000/0.000 | Delta:   -2(-0.7%)/  -4(-1.2%)/  -1(-0.2%) Avg:  317/ 317 | deal (0) | bal:221,773  
2019-08-13 20:26:37  | TEST  | Price: p:316.1/b:316.1/a:319.9/l:316 | Buy/Sell/Vol: 0.000000/0.000000/0.000 | Delta:   -2(-0.8%)/  -4(-1.2%)/  -0(-0.1%) Avg:  317/ 317 | deal (0) | bal:221,633  
2019-08-13 20:26:43  | TEST  | Price: p:316.1/b:316.1/a:319.9/l:316 | Buy/Sell/Vol: 0.000000/0.000000/0.000 | Delta:   -2(-0.8%)/  -4(-1.2%)/  -0(-0.1%) Avg:  317/ 317 | deal (0) | bal:221,633  
2019-08-13 20:27:21  | TEST  | Price: p:316.1/b:316.0/a:319.9/l:316 | Buy/Sell/Vol: 0.000000/0.000000/0.000 | Delta:   -2(-0.8%)/  -1(-0.4%)/  -0(-0.1%) Avg:  317/ 317 | deal (0) | bal:221,633  
2019-08-13 20:27:21  | TEST  | Price: p:316.0/b:316.0/a:319.9/l:316 | Buy/Sell/Vol: 0.000000/0.000000/0.000 | Delta:   -2(-0.8%)/  -1(-0.4%)/  -0(-0.1%) Avg:  317/ 317 | deal (0) | bal:221,563  
2019-08-13 20:27:47  | TEST  | Price: p:316.0/b:316.0/a:319.9/l:316 | Buy/Sell/Vol: 0.000000/0.000000/0.000 | Delta:   -3(-0.8%)/  -1(-0.4%)/  -0(-0.0%) Avg:  317/ 317 | deal (0) | bal:221,563  
2019-08-13 20:27:47  | TEST  | Price: p:316.0/b:316.0/a:320.0/l:316 | Buy/Sell/Vol: 0.000000/0.000000/0.000 | Delta:   -3(-0.8%)/  -1(-0.4%)/   0(0.0%) Avg:  317/ 317 | deal (0) | bal:221,563  
2019-08-13 20:27:47  | TEST  | Price: p:316.0/b:316.0/a:319.9/l:316 | Buy/Sell/Vol: 0.000000/0.000000/0.000 | Delta:   -4(-1.3%)/  -1(-0.3%)/   0(0.0%) Avg:  317/ 316 | deal (0) | bal:221,563  
2019-08-13 20:27:47  | TEST  | Price: p:316.0/b:316.0/a:318.0/l:316 | Buy/Sell/Vol: 0.000000/0.000000/0.000 | Delta:   -4(-1.3%)/  -1(-0.3%)/   0(0.0%) Avg:  317/ 316 | deal (0) | bal:221,563  
2019-08-13 20:27:47  | TEST  | Price: p:316.0/b:317.0/a:318.0/l:316 | Buy/Sell/Vol: 0.000000/0.000000/0.000 | Delta:   -4(-1.3%)/   0(0.0%)/   0(0.0%) Avg:  317/ 316 | deal (0) | bal:221,563  
2019-08-13 20:27:47  | TEST  | Price: p:316.0/b:317.0/a:319.9/l:316 | Buy/Sell/Vol: 0.000000/0.000000/0.000 | Delta:   -4(-1.3%)/   0(0.0%)/   0(0.0%) Avg:  317/ 316 | deal (0) | bal:221,563  
2019-08-13 20:27:47  | TEST  | Price: p:316.0/b:317.0/a:320.0/l:316 | Buy/Sell/Vol: 0.000000/0.000000/0.000 | Delta:   -4(-1.3%)/   0(0.0%)/   0(0.0%) Avg:  317/ 316 | deal (0) | bal:221,563  
