Traceback (most recent call last):
  File "./token/TokenManager.py", line 98, in <module>
    mySession.readSecFile()
  File "./token/TokenManager.py", line 34, in readSecFile
    with open(secFilePath) as csvfile:
IOError: [Errno 2] No such file or directory: 'c:/Users/dongwkim/keys/korbit_key.csv'
Traceback (most recent call last):
  File "./token/TokenManager.py", line 9, in <module>
    logging.basicConfig(format='%(asctime)s %(levelname)s %(name)s %(message)s',filename='../logging/tokenmanager.trc',level=logging.INFO)
  File "/usr/lib/python2.7/logging/__init__.py", line 1540, in basicConfig
    hdlr = FileHandler(filename, mode)
  File "/usr/lib/python2.7/logging/__init__.py", line 911, in __init__
    StreamHandler.__init__(self, self._open())
  File "/usr/lib/python2.7/logging/__init__.py", line 936, in _open
    stream = open(self.baseFilename, self.mode)
IOError: [Errno 2] No such file or directory: '/usb/s1/logging/tokenmanager.trc'
2017-12-28 05:05:46 | Insert Token to Redis
2017-12-28 05:05:46 | Refresh Token from API Server
2017-12-28 05:05:47 | Update Token on Redis
2017-12-28 05:05:47 | Sleep 50min..
