2018-01-05 03:37:16 | Price: p:4427/b:4427/a:4429/l:4646 | Buy/Sell/Vol: 0/0/0 |  Delta: -113/  26/   0 Avg: 4469/4413 |  lat:   98 ms| bidding (0) | balance:500000  
2018-01-05 03:37:20 | Price: p:4420/b:4417/a:4420/l:4646 | Buy/Sell/Vol: 0/0/0 |  Delta: -120/  19/ -25 Avg: 4468/4413 |  lat:   56 ms| bidding (0) | balance:500000  
2018-01-05 03:37:27 | Price: p:4420/b:4417/a:4420/l:4646 | Buy/Sell/Vol: 0/0/0 |  Delta: -120/  20/ -25 Avg: 4468/4414 |  lat:   62 ms| bidding (0) | balance:500000  
2018-01-05 03:37:29 | Price: p:4420/b:4417/a:4420/l:4646 | Buy/Sell/Vol: 0/0/0 |  Delta: -120/  20/ -20 Avg: 4468/4414 |  lat:   58 ms| bidding (0) | balance:500000  
2018-01-05 03:37:32 | Price: p:4420/b:4417/a:4420/l:4646 | Buy/Sell/Vol: 0/0/0 |  Delta: -120/  20/ -20 Avg: 4468/4415 |  lat:   54 ms| bidding (0) | balance:500000  
2018-01-05 03:37:34 | Price: p:4420/b:4417/a:4420/l:4646 | Buy/Sell/Vol: 0/0/0 |  Delta: -120/  18/ -20 Avg: 4468/4417 |  lat:   54 ms| bidding (0) | balance:500000  
2018-01-05 03:37:38 | Price: p:4417/b:4417/a:4420/l:4646 | Buy/Sell/Vol: 0/0/0 |  Delta: -123/  15/ -23 Avg: 4468/4417 |  lat:   54 ms| bidding (0) | balance:500000  
2018-01-05 03:37:43 | Price: p:4420/b:4417/a:4418/l:4646 | Buy/Sell/Vol: 0/0/0 |  Delta: -120/  18/ -10 Avg: 4468/4417 |  lat:   54 ms| bidding (0) | balance:500000  
2018-01-05 03:37:45 | Price: p:4418/b:4417/a:4418/l:4646 | Buy/Sell/Vol: 0/0/0 |  Delta: -122/  16/ -12 Avg: 4468/4417 |  lat:   55 ms| bidding (0) | balance:500000  
2018-01-05 03:37:45 | Price: p:4418/b:4417/a:4418/l:4646 | Buy/Sell/Vol: 0/0/0 |  Delta: -122/  16/ -12 Avg: 4468/4418 |  lat:   99 ms| bidding (0) | balance:500000  
2018-01-05 03:37:56 | Price: p:4418/b:4417/a:4418/l:4646 | Buy/Sell/Vol: 0/0/0 |  Delta: -122/  17/ -12 Avg: 4468/4418 |  lat:   59 ms| bidding (0) | balance:500000  
2018-01-05 03:38:05 | Price: p:4417/b:4417/a:4418/l:4646 | Buy/Sell/Vol: 0/0/0 |  Delta: -123/  17/ -12 Avg: 4468/4418 |  lat:   60 ms| bidding (0) | balance:500000  
2018-01-05 03:38:14 | Price: p:4418/b:4417/a:4418/l:4646 | Buy/Sell/Vol: 0/0/0 |  Delta: -122/  18/  -9 Avg: 4468/4418 |  lat:   61 ms| bidding (0) | balance:500000  
2018-01-05 03:38:19 | Price: p:4418/b:4417/a:4418/l:4646 | Buy/Sell/Vol: 0/0/0 |  Delta: -122/  18/  -2 Avg: 4468/4418 |  lat:   54 ms| bidding (0) | balance:500000  
2018-01-05 03:38:32 | Price: p:4418/b:4417/a:4418/l:4646 | Buy/Sell/Vol: 0/0/0 |  Delta: -106/  16/   1 Avg: 4467/4419 |  lat:  115 ms| bidding (0) | balance:500000  
2018-01-05 03:38:41 | Price: p:4418/b:4417/a:4418/l:4646 | Buy/Sell/Vol: 0/0/0 |  Delta: -122/  17/   0 Avg: 4467/4419 |  lat:   57 ms| bidding (0) | balance:500000  
2018-01-05 03:38:54 | Price: p:4418/b:4418/a:4437/l:4646 | Buy/Sell/Vol: 0/0/0 |  Delta: -122/  18/   1 Avg: 4467/4419 |  lat:   73 ms| bidding (0) | balance:500000  
2018-01-05 03:38:59 | Price: p:4418/b:4418/a:4437/l:4646 | Buy/Sell/Vol: 0/0/0 |  Delta: -122/  -2/   1 Avg: 4466/4419 |  lat:   58 ms| bidding (0) | balance:500000  
2018-01-05 03:38:59 | Price: p:4418/b:4418/a:4436/l:4646 | Buy/Sell/Vol: 0/0/0 |  Delta: -122/  -2/   0 Avg: 4466/4419 |  lat:   71 ms| bidding (0) | balance:500000  
2018-01-05 03:38:59 | Price: p:4418/b:4420/a:4433/l:4646 | Buy/Sell/Vol: 0/0/0 |  Delta: -122/  -2/   0 Avg: 4466/4419 |  lat:   84 ms| bidding (0) | balance:500000  
2018-01-05 03:39:15 | Price: p:4420/b:4418/a:4420/l:4646 | Buy/Sell/Vol: 0/0/0 |  Delta: -120/  17/   2 Avg: 4466/4420 |  lat:   83 ms| bidding (0) | balance:500000  
2018-01-05 03:39:19 | Price: p:4420/b:4418/a:4420/l:4646 | Buy/Sell/Vol: 0/0/0 |  Delta: -120/  17/   3 Avg: 4466/4420 |  lat:   94 ms| bidding (0) | balance:500000  
2018-01-05 03:39:22 | Price: p:4420/b:4417/a:4420/l:4646 | Buy/Sell/Vol: 0/0/0 |  Delta: -120/  17/   3 Avg: 4466/4420 |  lat:   98 ms| bidding (0) | balance:500000  
2018-01-05 03:39:25 | Price: p:4417/b:4416/a:4417/l:4646 | Buy/Sell/Vol: 0/0/0 |  Delta: -127/  14/   0 Avg: 4465/4420 |  lat:   86 ms| bidding (0) | balance:500000  
2018-01-05 03:39:27 | Price: p:4417/b:4416/a:4417/l:4646 | Buy/Sell/Vol: 0/0/0 |  Delta: -127/  14/   0 Avg: 4465/4420 |  lat:   88 ms| bidding (0) | balance:500000  
2018-01-05 03:39:34 | Price: p:4410/b:4409/a:4410/l:4646 | Buy/Sell/Vol: 0/0/0 |  Delta: -134/   6/  -8 Avg: 4465/4420 |  lat:   85 ms| bidding (0) | balance:500000  
2018-01-05 03:39:37 | Price: p:4410/b:4409/a:4410/l:4646 | Buy/Sell/Vol: 0/0/0 |  Delta: -134/   6/  -8 Avg: 4465/4419 |  lat:   64 ms| bidding (0) | balance:500000  
2018-01-05 03:39:39 | Price: p:4410/b:4409/a:4410/l:4646 | Buy/Sell/Vol: 0/0/0 |  Delta: -134/   6/  -8 Avg: 4465/4419 |  lat:   69 ms| bidding (0) | balance:500000  
2018-01-05 03:39:43 | Price: p:4410/b:4409/a:4410/l:4646 | Buy/Sell/Vol: 0/0/0 |  Delta: -134/ -17/  -8 Avg: 4465/4419 |  lat:   50 ms| bidding (0) | balance:500000  
2018-01-05 03:39:48 | Price: p:4410/b:4409/a:4410/l:4646 | Buy/Sell/Vol: 0/0/0 |  Delta: -134/ -17/  -8 Avg: 4465/4419 |  lat:   50 ms| bidding (0) | balance:500000  
2018-01-05 03:39:59 | Price: p:4409/b:4409/a:4410/l:4646 | Buy/Sell/Vol: 0/0/0 |  Delta: -136/   5/ -11 Avg: 4464/4419 |  lat:   67 ms| bidding (0) | balance:500000  
2018-01-05 03:40:11 | Price: p:4410/b:4409/a:4410/l:4646 | Buy/Sell/Vol: 0/0/0 |  Delta: -135/ -14/ -10 Avg: 4464/4419 |  lat:   54 ms| bidding (0) | balance:500000  
2018-01-05 03:40:13 | Price: p:4410/b:4409/a:4410/l:4646 | Buy/Sell/Vol: 0/0/0 |  Delta: -135/ -14/ -10 Avg: 4464/4419 |  lat:   57 ms| bidding (0) | balance:500000  
2018-01-05 03:40:17 | Price: p:4410/b:4409/a:4410/l:4646 | Buy/Sell/Vol: 0/0/0 |  Delta: -135/ -10/ -10 Avg: 4464/4419 |  lat:   62 ms| bidding (0) | balance:500000  
2018-01-05 03:40:17 | Price: p:4410/b:4409/a:4410/l:4646 | Buy/Sell/Vol: 0/0/0 |  Delta: -136/   9/ -11 Avg: 4464/4421 |  lat:   55 ms| bidding (0) | balance:500000  
2018-01-05 03:40:20 | Price: p:4409/b:4409/a:4410/l:4646 | Buy/Sell/Vol: 0/0/0 |  Delta: -136/ -15/  -8 Avg: 4464/4422 |  lat:   56 ms| bidding (0) | balance:500000  
2018-01-05 03:40:22 | Price: p:4409/b:4406/a:4409/l:4646 | Buy/Sell/Vol: 0/0/0 |  Delta: -136/ -15/  -8 Avg: 4464/4422 |  lat:   56 ms| bidding (0) | balance:500000  
2018-01-05 03:40:26 | Price: p:4409/b:4406/a:4409/l:4646 | Buy/Sell/Vol: 0/0/0 |  Delta: -136/ -15/  -7 Avg: 4464/4421 |  lat:   87 ms| bidding (0) | balance:500000  
2018-01-05 03:40:30 | Price: p:4405/b:4402/a:4406/l:4646 | Buy/Sell/Vol: 0/0/0 |  Delta: -136/ -15/  -7 Avg: 4464/4421 |  lat:   64 ms| bidding (0) | balance:500000  
2018-01-05 03:40:31 | Price: p:4401/b:4402/a:4406/l:4646 | Buy/Sell/Vol: 0/0/0 |  Delta: -144/ -23/ -15 Avg: 4463/4421 |  lat:   55 ms| bidding (0) | balance:500000  
2018-01-05 03:40:43 | Price: p:4400/b:4400/a:4406/l:4646 | Buy/Sell/Vol: 0/0/0 |  Delta: -147/  -4/ -10 Avg: 4462/4419 |  lat:   55 ms| bidding (0) | balance:500000  
2018-01-05 03:40:44 | Price: p:4400/b:4400/a:4406/l:4646 | Buy/Sell/Vol: 0/0/0 |  Delta: -147/  -4/ -10 Avg: 4461/4418 |  lat:   55 ms| bidding (0) | balance:500000  
2018-01-05 03:40:45 | Price: p:4399/b:4390/a:4400/l:4646 | Buy/Sell/Vol: 0/0/0 |  Delta: -147/  -4/ -10 Avg: 4461/4417 |  lat:   55 ms| bidding (0) | balance:500000  
2018-01-05 03:40:46 | Price: p:4400/b:4390/a:4400/l:4646 | Buy/Sell/Vol: 0/0/0 |  Delta: -147/  -4/  -9 Avg: 4461/4417 |  lat:   57 ms| bidding (0) | balance:500000  
2018-01-05 03:40:48 | Price: p:4400/b:4390/a:4400/l:4646 | Buy/Sell/Vol: 0/0/0 |  Delta: -147/ -24/  -9 Avg: 4461/4417 |  lat:   54 ms| bidding (0) | balance:500000  
2018-01-05 03:40:57 | Price: p:4400/b:4390/a:4400/l:4646 | Buy/Sell/Vol: 0/0/0 |  Delta: -147/  -5/  -9 Avg: 4460/4417 |  lat:   63 ms| bidding (0) | balance:500000  
2018-01-05 03:41:00 | Price: p:4409/b:4390/a:4409/l:4646 | Buy/Sell/Vol: 0/0/0 |  Delta: -138/   4/   0 Avg: 4460/4417 |  lat:   54 ms| bidding (0) | balance:500000  
2018-01-05 03:41:04 | Price: p:4390/b:4390/a:4409/l:4646 | Buy/Sell/Vol: 0/0/0 |  Delta: -157/ -15/ -19 Avg: 4460/4416 |  lat:   56 ms| bidding (0) | balance:500000  
2018-01-05 03:41:04 | Price: p:4390/b:4390/a:4406/l:4646 | Buy/Sell/Vol: 0/0/0 |  Delta: -157/ -15/ -20 Avg: 4460/4416 |  lat:   56 ms| bidding (0) | balance:500000  
2018-01-05 03:41:19 | Price: p:4405/b:4390/a:4405/l:4646 | Buy/Sell/Vol: 0/0/0 |  Delta: -142/   0/  -4 Avg: 4460/4416 |  lat:   57 ms| bidding (0) | balance:500000  
2018-01-05 03:41:19 | Price: p:4405/b:4392/a:4405/l:4646 | Buy/Sell/Vol: 0/0/0 |  Delta: -140/   1/   3 Avg: 4460/4417 |  lat:   57 ms| bidding (0) | balance:500000  
2018-01-05 03:41:19 | Price: p:4405/b:4393/a:4398/l:4646 | Buy/Sell/Vol: 0/0/0 |  Delta: -139/   2/   5 Avg: 4460/4417 |  lat:   59 ms| bidding (0) | balance:500000  
2018-01-05 03:41:56 | Price: p:4398/b:4393/a:4435/l:4646 | Buy/Sell/Vol: 0/0/0 |  Delta: -146/ -17/  -2 Avg: 4459/4417 |  lat:   64 ms| bidding (0) | balance:500000  
2018-01-05 03:41:54 | Price: p:4398/b:4393/a:4398/l:4646 | Buy/Sell/Vol: 0/0/0 |  Delta: -146/ -17/  -2 Avg: 4459/4417 |  lat:   71 ms| bidding (0) | balance:500000  
2018-01-05 03:41:56 | Price: p:4398/b:4398/a:4435/l:4646 | Buy/Sell/Vol: 0/0/0 |  Delta: -146/ -17/   8 Avg: 4459/4417 |  lat:   54 ms| bidding (0) | balance:500000  
2018-01-05 03:41:56 | Price: p:4398/b:4400/a:4435/l:4646 | Buy/Sell/Vol: 0/0/0 |  Delta: -146/ -17/   8 Avg: 4459/4417 |  lat:   57 ms| bidding (0) | balance:500000  
2018-01-05 03:42:06 | Price: p:4400/b:4400/a:4405/l:4646 | Buy/Sell/Vol: 0/0/0 |  Delta: -144/  -4/  -5 Avg: 4459/4416 |  lat:   54 ms| bidding (0) | balance:500000  
2018-01-05 03:42:09 | Price: p:4400/b:4400/a:4405/l:4646 | Buy/Sell/Vol: 0/0/0 |  Delta: -144/ -24/  -5 Avg: 4459/4416 |  lat:   58 ms| bidding (0) | balance:500000  
2018-01-05 03:42:12 | Price: p:4400/b:4400/a:4405/l:4646 | Buy/Sell/Vol: 0/0/0 |  Delta: -144/  -4/  -5 Avg: 4459/4416 |  lat:   85 ms| bidding (0) | balance:500000  
2018-01-05 03:42:19 | Price: p:4394/b:4394/a:4405/l:4646 | Buy/Sell/Vol: 0/0/0 |  Delta: -154/ -30/  -8 Avg: 4458/4415 |  lat:   54 ms| bidding (0) | balance:500000  
2018-01-05 03:42:20 | Price: p:4390/b:4390/a:4405/l:4646 | Buy/Sell/Vol: 0/0/0 |  Delta: -154/ -30/  -8 Avg: 4458/4415 |  lat:   88 ms| bidding (0) | balance:500000  
2018-01-05 03:42:26 | Price: p:4405/b:4390/a:4405/l:4646 | Buy/Sell/Vol: 0/0/0 |  Delta: -139/   0/   7 Avg: 4458/4415 |  lat:   90 ms| bidding (0) | balance:500000  
2018-01-05 03:42:26 | Price: p:4405/b:4397/a:4405/l:4646 | Buy/Sell/Vol: 0/0/0 |  Delta: -139/   0/   7 Avg: 4458/4415 |  lat:   88 ms| bidding (0) | balance:500000  
2018-01-05 03:43:09 | Price: p:4405/b:4397/a:4405/l:4646 | Buy/Sell/Vol: 0/0/0 |  Delta: -138/  -6/   5 Avg: 4458/4415 |  lat:  241 ms| bidding (0) | balance:500000  
2018-01-05 03:43:33 | Price: p:4405/b:4397/a:4405/l:4646 | Buy/Sell/Vol: 0/0/0 |  Delta: -118/  -6/   0 Avg: 4457/4414 |  lat:   84 ms| bidding (0) | balance:500000  
2018-01-05 03:43:33 | Price: p:4405/b:4397/a:4405/l:4646 | Buy/Sell/Vol: 0/0/0 |  Delta: -118/  -6/   0 Avg: 4457/4414 |  lat:   68 ms| bidding (0) | balance:500000  
2018-01-05 03:43:33 | Price: p:4405/b:4398/a:4405/l:4646 | Buy/Sell/Vol: 0/0/0 |  Delta: -134/  -6/   0 Avg: 4457/4414 |  lat:   85 ms| bidding (0) | balance:500000  
2018-01-05 03:43:42 | Price: p:4405/b:4398/a:4404/l:4646 | Buy/Sell/Vol: 0/0/0 |  Delta: -118/  -6/   0 Avg: 4456/4414 |  lat:   52 ms| bidding (0) | balance:500000  
2018-01-05 03:43:47 | Price: p:4405/b:4398/a:4405/l:4646 | Buy/Sell/Vol: 0/0/0 |  Delta: -118/  -6/   0 Avg: 4456/4414 |  lat:   74 ms| bidding (0) | balance:500000  
2018-01-05 03:43:56 | Price: p:4398/b:4398/a:4405/l:4646 | Buy/Sell/Vol: 0/0/0 |  Delta: -125/  -9/  -7 Avg: 4456/4414 |  lat:   78 ms| bidding (0) | balance:500000  
2018-01-05 03:43:58 | Price: p:4405/b:4398/a:4405/l:4646 | Buy/Sell/Vol: 0/0/0 |  Delta: -117/  -6/   0 Avg: 4456/4414 |  lat:   69 ms| bidding (0) | balance:500000  
2018-01-05 03:43:58 | Price: p:4405/b:4399/a:4405/l:4646 | Buy/Sell/Vol: 0/0/0 |  Delta: -117/  -6/   0 Avg: 4456/4414 |  lat:   53 ms| bidding (0) | balance:500000  
2018-01-05 03:43:58 | Price: p:4405/b:4399/a:4404/l:4646 | Buy/Sell/Vol: 0/0/0 |  Delta: -117/  -6/   0 Avg: 4456/4413 |  lat:   80 ms| bidding (0) | balance:500000  
2018-01-05 03:43:58 | Price: p:4405/b:4400/a:4404/l:4646 | Buy/Sell/Vol: 0/0/0 |  Delta: -115/ -61/   0 Avg: 4455/4413 |  lat:  111 ms| bidding (0) | balance:500000  
2018-01-05 03:44:34 | Price: p:4400/b:4399/a:4400/l:4646 | Buy/Sell/Vol: 0/0/0 |  Delta: -120/ -66/  -5 Avg: 4455/4413 |  lat:   56 ms| bidding (0) | balance:500000  
2018-01-05 03:44:39 | Price: p:4400/b:4399/a:4400/l:4646 | Buy/Sell/Vol: 0/0/0 |  Delta: -120/ -66/  -5 Avg: 4455/4413 |  lat:   56 ms| bidding (0) | balance:500000  
2018-01-05 03:44:54 | Price: p:4400/b:4399/a:4400/l:4646 | Buy/Sell/Vol: 0/0/0 |  Delta: -120/ -50/  -5 Avg: 4455/4412 |  lat:   76 ms| bidding (0) | balance:500000  
2018-01-05 03:44:56 | Price: p:4400/b:4399/a:4400/l:4646 | Buy/Sell/Vol: 0/0/0 |  Delta: -120/ -50/  -5 Avg: 4455/4412 |  lat:   59 ms| bidding (0) | balance:500000  
2018-01-05 03:45:01 | Price: p:4400/b:4399/a:4400/l:4646 | Buy/Sell/Vol: 0/0/0 |  Delta: -120/ -20/   0 Avg: 4454/4412 |  lat:   56 ms| bidding (0) | balance:500000  
2018-01-05 03:45:01 | Price: p:4400/b:4399/a:4400/l:4646 | Buy/Sell/Vol: 0/0/0 |  Delta: -120/ -20/   0 Avg: 4454/4412 |  lat:   55 ms| bidding (0) | balance:500000  
2018-01-05 03:45:08 | Price: p:4399/b:4399/a:4400/l:4646 | Buy/Sell/Vol: 0/0/0 |  Delta: -121/ -21/  -1 Avg: 4454/4412 |  lat:   85 ms| bidding (0) | balance:500000  
2018-01-05 03:45:17 | Price: p:4400/b:4399/a:4400/l:4646 | Buy/Sell/Vol: 0/0/0 |  Delta: -120/ -20/   0 Avg: 4454/4411 |  lat:   58 ms| bidding (0) | balance:500000  
2018-01-05 03:45:21 | Price: p:4399/b:4399/a:4400/l:4646 | Buy/Sell/Vol: 0/0/0 |  Delta: -120/ -24/   0 Avg: 4454/4411 |  lat:   56 ms| bidding (0) | balance:500000  
2018-01-05 03:45:24 | Price: p:4400/b:4399/a:4400/l:4646 | Buy/Sell/Vol: 0/0/0 |  Delta: -120/ -24/   0 Avg: 4454/4411 |  lat:   57 ms| bidding (0) | balance:500000  
2018-01-05 03:45:26 | Price: p:4399/b:4398/a:4399/l:4646 | Buy/Sell/Vol: 0/0/0 |  Delta: -115/ -48/  -1 Avg: 4453/4411 |  lat:   74 ms| bidding (0) | balance:500000  
2018-01-05 03:45:39 | Price: p:4399/b:4399/a:4400/l:4646 | Buy/Sell/Vol: 0/0/0 |  Delta: -121/ -48/  -1 Avg: 4453/4411 |  lat:   55 ms| bidding (0) | balance:500000  
2018-01-05 03:45:42 | Price: p:4399/b:4399/a:4400/l:4646 | Buy/Sell/Vol: 0/0/0 |  Delta: -121/ -48/  -1 Avg: 4453/4411 |  lat:   57 ms| bidding (0) | balance:500000  
2018-01-05 03:45:44 | Price: p:4400/b:4399/a:4400/l:4646 | Buy/Sell/Vol: 0/0/0 |  Delta: -120/ -24/   0 Avg: 4453/4410 |  lat:   79 ms| bidding (0) | balance:500000  
2018-01-05 03:46:08 | Price: p:4400/b:4399/a:4400/l:4646 | Buy/Sell/Vol: 0/0/0 |  Delta: -119/ -47/   0 Avg: 4453/4410 |  lat:  103 ms| bidding (0) | balance:500000  
2018-01-05 03:46:13 | Price: p:4400/b:4399/a:4400/l:4646 | Buy/Sell/Vol: 0/0/0 |  Delta: -119/ -47/   0 Avg: 4453/4409 |  lat:   92 ms| bidding (0) | balance:500000  
2018-01-05 03:46:16 | Price: p:4400/b:4399/a:4400/l:4646 | Buy/Sell/Vol: 0/0/0 |  Delta: -119/ -47/   1 Avg: 4453/4409 |  lat:  100 ms| bidding (0) | balance:500000  
2018-01-05 03:46:18 | Price: p:4399/b:4399/a:4400/l:4646 | Buy/Sell/Vol: 0/0/0 |  Delta: -120/ -46/   0 Avg: 4453/4409 |  lat:   55 ms| bidding (0) | balance:500000  
2018-01-05 03:46:25 | Price: p:4400/b:4399/a:4400/l:4646 | Buy/Sell/Vol: 0/0/0 |  Delta: -119/ -45/   1 Avg: 4452/4408 |  lat:   57 ms| bidding (0) | balance:500000  
2018-01-05 03:46:27 | Price: p:4400/b:4399/a:4400/l:4646 | Buy/Sell/Vol: 0/0/0 |  Delta: -119/ -45/   1 Avg: 4452/4408 |  lat:   58 ms| bidding (0) | balance:500000  
2018-01-05 03:46:30 | Price: p:4400/b:4399/a:4400/l:4646 | Buy/Sell/Vol: 0/0/0 |  Delta: -119/ -40/   1 Avg: 4452/4408 |  lat:   55 ms| bidding (0) | balance:500000  
2018-01-05 03:46:36 | Price: p:4400/b:4399/a:4400/l:4646 | Buy/Sell/Vol: 0/0/0 |  Delta: -119/ -40/   1 Avg: 4452/4408 |  lat:   92 ms| bidding (0) | balance:500000  
2018-01-05 03:46:51 | Price: p:4400/b:4399/a:4400/l:4646 | Buy/Sell/Vol: 0/0/0 |  Delta: -113/ -30/   0 Avg: 4452/4408 |  lat:  125 ms| bidding (0) | balance:500000  
2018-01-05 03:47:00 | Price: p:4400/b:4399/a:4400/l:4646 | Buy/Sell/Vol: 0/0/0 |  Delta: -113/ -30/   0 Avg: 4452/4408 |  lat:   50 ms| bidding (0) | balance:500000  
2018-01-05 03:47:09 | Price: p:4400/b:4399/a:4400/l:4646 | Buy/Sell/Vol: 0/0/0 |  Delta: -113/ -29/   0 Avg: 4452/4407 |  lat:   55 ms| bidding (0) | balance:500000  
2018-01-05 03:47:19 | Price: p:4400/b:4399/a:4400/l:4646 | Buy/Sell/Vol: 0/0/0 |  Delta: -113/ -20/   0 Avg: 4452/4405 |  lat:   57 ms| bidding (0) | balance:500000  
2018-01-05 03:47:41 | Price: p:4400/b:4399/a:4400/l:4646 | Buy/Sell/Vol: 0/0/0 |  Delta: -113/ -20/   0 Avg: 4451/4404 |  lat:   74 ms| bidding (0) | balance:500000  
2018-01-05 03:47:41 | Price: p:4400/b:4399/a:4400/l:4646 | Buy/Sell/Vol: 0/0/0 |  Delta: -113/ -18/   0 Avg: 4451/4404 |  lat:   93 ms| bidding (0) | balance:500000  
2018-01-05 03:48:00 | Price: p:4400/b:4399/a:4400/l:4646 | Buy/Sell/Vol: 0/0/0 |  Delta: -112/ -17/   0 Avg: 4451/4404 |  lat:   61 ms| bidding (0) | balance:500000  
2018-01-05 03:48:05 | Price: p:4398/b:4398/a:4400/l:4646 | Buy/Sell/Vol: 0/0/0 |  Delta: -109/ -20/  -2 Avg: 4450/4404 |  lat:   99 ms| bidding (0) | balance:500000  
2018-01-05 03:48:07 | Price: p:4397/b:4395/a:4400/l:4646 | Buy/Sell/Vol: 0/0/0 |  Delta: -116/ -27/  -9 Avg: 4450/4403 |  lat:   56 ms| bidding (0) | balance:500000  
2018-01-05 03:48:08 | Price: p:4400/b:4390/a:4400/l:4646 | Buy/Sell/Vol: 0/0/0 |  Delta: -107/ -18/   0 Avg: 4450/4403 |  lat:  162 ms| bidding (0) | balance:500000  
2018-01-05 03:48:08 | Price: p:4400/b:4391/a:4400/l:4646 | Buy/Sell/Vol: 0/0/0 |  Delta: -107/ -17/   0 Avg: 4450/4403 |  lat:   56 ms| bidding (0) | balance:500000  
2018-01-05 03:48:47 | Price: p:4391/b:4390/a:4400/l:4646 | Buy/Sell/Vol: 0/0/0 |  Delta: -115/ -28/ -10 Avg: 4449/4402 |  lat:   57 ms| bidding (0) | balance:500000  
2018-01-05 03:48:47 | Price: p:4390/b:4390/a:4400/l:4646 | Buy/Sell/Vol: 0/0/0 |  Delta: -115/ -28/ -10 Avg: 4449/4402 |  lat:  137 ms| bidding (0) | balance:500000  
2018-01-05 03:48:47 | Price: p:4390/b:4390/a:4399/l:4646 | Buy/Sell/Vol: 0/0/0 |  Delta: -115/ -28/ -10 Avg: 4449/4402 |  lat:   57 ms| bidding (0) | balance:500000  
2018-01-05 03:48:47 | Price: p:4390/b:4391/a:4399/l:4646 | Buy/Sell/Vol: 0/0/0 |  Delta: -115/ -30/ -10 Avg: 4449/4402 |  lat:   96 ms| bidding (0) | balance:500000  
2018-01-05 03:49:04 | Price: p:4391/b:4391/a:4399/l:4646 | Buy/Sell/Vol: 0/0/0 |  Delta: -114/ -29/  -7 Avg: 4449/4402 |  lat:   51 ms| bidding (0) | balance:500000  
2018-01-05 03:49:13 | Price: p:4399/b:4391/a:4399/l:4646 | Buy/Sell/Vol: 0/0/0 |  Delta: -111/ -21/   8 Avg: 4449/4402 |  lat:   51 ms| bidding (0) | balance:500000  
2018-01-05 03:49:15 | Price: p:4391/b:4390/a:4391/l:4646 | Buy/Sell/Vol: 0/0/0 |  Delta: -114/ -29/   0 Avg: 4449/4402 |  lat:   56 ms| bidding (0) | balance:500000  
2018-01-05 03:49:26 | Price: p:4390/b:4390/a:4391/l:4646 | Buy/Sell/Vol: 0/0/0 |  Delta: -120/ -26/  -1 Avg: 4448/4401 |  lat:   47 ms| bidding (0) | balance:500000  
2018-01-05 03:49:28 | Price: p:4390/b:4390/a:4391/l:4646 | Buy/Sell/Vol: 0/0/0 |  Delta: -120/ -26/  -1 Avg: 4448/4400 |  lat:   55 ms| bidding (0) | balance:500000  
2018-01-05 03:49:29 | Price: p:4390/b:4390/a:4391/l:4646 | Buy/Sell/Vol: 0/0/0 |  Delta: -120/ -26/  -1 Avg: 4448/4400 |  lat:   50 ms| bidding (0) | balance:500000  
2018-01-05 03:49:47 | Price: p:4390/b:4389/a:4390/l:4646 | Buy/Sell/Vol: 0/0/0 |  Delta: -116/ -19/  -1 Avg: 4447/4399 |  lat:   53 ms| bidding (0) | balance:500000  
2018-01-05 03:50:00 | Price: p:4388/b:4388/a:4390/l:4646 | Buy/Sell/Vol: 0/0/0 |  Delta: -117/ -21/  -3 Avg: 4447/4398 |  lat:   52 ms| bidding (0) | balance:500000  
2018-01-05 03:50:06 | Price: p:4388/b:4388/a:4390/l:4646 | Buy/Sell/Vol: 0/0/0 |  Delta: -117/ -21/ -11 Avg: 4446/4398 |  lat:   51 ms| bidding (0) | balance:500000  
2018-01-05 03:50:10 | Price: p:4385/b:4385/a:4390/l:4646 | Buy/Sell/Vol: 0/0/0 |  Delta: -120/ -25/ -14 Avg: 4446/4397 |  lat:   99 ms| bidding (0) | balance:500000  
2018-01-05 03:50:11 | Price: p:4385/b:4388/a:4390/l:4646 | Buy/Sell/Vol: 0/0/0 |  Delta: -120/ -25/  -6 Avg: 4446/4397 |  lat:   74 ms| bidding (0) | balance:500000  
2018-01-05 03:50:20 | Price: p:4390/b:4388/a:4390/l:4646 | Buy/Sell/Vol: 0/0/0 |  Delta: -115/ -19/   0 Avg: 4446/4397 |  lat:   56 ms| bidding (0) | balance:500000  
2018-01-05 03:50:22 | Price: p:4388/b:4387/a:4388/l:4646 | Buy/Sell/Vol: 0/0/0 |  Delta: -117/ -21/  -2 Avg: 4446/4397 |  lat:   55 ms| bidding (0) | balance:500000  
2018-01-05 03:50:25 | Price: p:4385/b:4385/a:4388/l:4646 | Buy/Sell/Vol: 0/0/0 |  Delta: -120/ -21/  -5 Avg: 4445/4397 |  lat:   59 ms| bidding (0) | balance:500000  
2018-01-05 03:50:41 | Price: p:4388/b:4385/a:4388/l:4646 | Buy/Sell/Vol: 0/0/0 |  Delta: -122/ -12/  -2 Avg: 4445/4396 |  lat:   50 ms| bidding (0) | balance:500000  
2018-01-05 03:50:52 | Price: p:4381/b:4381/a:4388/l:4646 | Buy/Sell/Vol: 0/0/0 |  Delta: -123/ -20/  -9 Avg: 4444/4395 |  lat:  186 ms| bidding (0) | balance:500000  
2018-01-05 03:50:53 | Price: p:4380/b:4380/a:4388/l:4646 | Buy/Sell/Vol: 0/0/0 |  Delta: -123/ -20/  -9 Avg: 4444/4395 |  lat:   51 ms| bidding (0) | balance:500000  
2018-01-05 03:50:57 | Price: p:4388/b:4380/a:4388/l:4646 | Buy/Sell/Vol: 0/0/0 |  Delta: -115/  -2/   0 Avg: 4444/4395 |  lat:   50 ms| bidding (0) | balance:500000  
2018-01-05 03:51:02 | Price: p:4380/b:4380/a:4388/l:4646 | Buy/Sell/Vol: 0/0/0 |  Delta: -123/ -10/  -8 Avg: 4443/4393 |  lat:   51 ms| bidding (0) | balance:500000  
2018-01-05 03:51:04 | Price: p:4380/b:4380/a:4388/l:4646 | Buy/Sell/Vol: 0/0/0 |  Delta: -123/ -25/  -8 Avg: 4443/4393 |  lat:   90 ms| bidding (0) | balance:500000  
2018-01-05 03:51:13 | Price: p:4380/b:4380/a:4388/l:4646 | Buy/Sell/Vol: 0/0/0 |  Delta: -123/ -25/ -10 Avg: 4443/4393 |  lat:   63 ms| bidding (0) | balance:500000  
2018-01-05 03:51:17 | Price: p:4380/b:4379/a:4380/l:4646 | Buy/Sell/Vol: 0/0/0 |  Delta: -123/ -18/  -8 Avg: 4443/4393 |  lat:   55 ms| bidding (0) | balance:500000  
2018-01-05 03:51:23 | Price: p:4370/b:4370/a:4388/l:4646 | Buy/Sell/Vol: 0/0/0 |  Delta: -133/ -28/ -17 Avg: 4442/4392 |  lat:   58 ms| bidding (0) | balance:500000  
2018-01-05 03:51:23 | Price: p:4370/b:4380/a:4388/l:4646 | Buy/Sell/Vol: 0/0/0 |  Delta: -133/ -28/ -18 Avg: 4442/4391 |  lat:   83 ms| bidding (0) | balance:500000  
2018-01-05 03:51:27 | Price: p:4380/b:4370/a:4380/l:4646 | Buy/Sell/Vol: 0/0/0 |  Delta: -122/ -18/  -8 Avg: 4442/4391 |  lat:   95 ms| bidding (0) | balance:500000  
2018-01-05 03:51:30 | Price: p:4370/b:4370/a:4380/l:4646 | Buy/Sell/Vol: 0/0/0 |  Delta: -132/ -28/ -18 Avg: 4442/4391 |  lat:   55 ms| bidding (0) | balance:500000  
2018-01-05 03:51:34 | Price: p:4370/b:4370/a:4380/l:4646 | Buy/Sell/Vol: 0/0/0 |  Delta: -132/ -28/ -18 Avg: 4441/4391 |  lat:   56 ms| bidding (0) | balance:500000  
2018-01-05 03:51:36 | Price: p:4370/b:4370/a:4380/l:4646 | Buy/Sell/Vol: 0/0/0 |  Delta: -131/ -28/ -18 Avg: 4441/4391 |  lat:   92 ms| bidding (0) | balance:500000  
2018-01-05 03:51:39 | Price: p:4370/b:4370/a:4380/l:4646 | Buy/Sell/Vol: 0/0/0 |  Delta: -131/ -28/ -15 Avg: 4441/4391 |  lat:   53 ms| bidding (0) | balance:500000  
2018-01-05 03:51:43 | Price: p:4370/b:4370/a:4380/l:4646 | Buy/Sell/Vol: 0/0/0 |  Delta: -132/ -28/ -15 Avg: 4441/4390 |  lat:   59 ms| bidding (0) | balance:500000  
2018-01-05 03:51:46 | Price: p:4370/b:4370/a:4380/l:4646 | Buy/Sell/Vol: 0/0/0 |  Delta: -132/ -28/ -15 Avg: 4440/4390 |  lat:   54 ms| bidding (0) | balance:500000  
2018-01-05 03:51:53 | Price: p:4380/b:4370/a:4389/l:4646 | Buy/Sell/Vol: 0/0/0 |  Delta: -113/  -9/   1 Avg: 4440/4390 |  lat:   56 ms| bidding (0) | balance:500000  
2018-01-05 03:51:53 | Price: p:4389/b:4370/a:4389/l:4646 | Buy/Sell/Vol: 0/0/0 |  Delta: -113/  -9/   1 Avg: 4440/4390 |  lat:   58 ms| bidding (0) | balance:500000  
2018-01-05 03:51:53 | Price: p:4389/b:4370/a:4380/l:4646 | Buy/Sell/Vol: 0/0/0 |  Delta: -113/ -11/   9 Avg: 4440/4390 |  lat:   56 ms| bidding (0) | balance:500000  
2018-01-05 03:51:58 | Price: p:4370/b:4370/a:4380/l:4646 | Buy/Sell/Vol: 0/0/0 |  Delta: -132/ -30/ -10 Avg: 4440/4390 |  lat:  130 ms| bidding (0) | balance:500000  
2018-01-05 03:52:02 | Price: p:4370/b:4370/a:4380/l:4646 | Buy/Sell/Vol: 0/0/0 |  Delta: -133/ -30/ -10 Avg: 4440/4390 |  lat:   52 ms| bidding (0) | balance:500000  
2018-01-05 03:52:05 | Price: p:4390/b:4370/a:4390/l:4646 | Buy/Sell/Vol: 0/0/0 |  Delta: -113/ -10/  10 Avg: 4440/4389 |  lat:   59 ms| bidding (0) | balance:500000  
2018-01-05 03:52:05 | Price: p:4390/b:4370/a:4380/l:4646 | Buy/Sell/Vol: 0/0/0 |  Delta: -112/ -15/  10 Avg: 4440/4389 |  lat:  136 ms| bidding (0) | balance:500000  
2018-01-05 03:52:26 | Price: p:4380/b:4370/a:4380/l:4646 | Buy/Sell/Vol: 0/0/0 |  Delta: -122/ -25/  10 Avg: 4440/4389 |  lat:   55 ms| bidding (0) | balance:500000  
2018-01-05 03:52:49 | Price: p:4370/b:4370/a:4380/l:4646 | Buy/Sell/Vol: 0/0/0 |  Delta: -132/ -35/ -10 Avg: 4439/4389 |  lat:   57 ms| bidding (0) | balance:500000  
2018-01-05 03:52:49 | Price: p:4370/b:4370/a:4379/l:4646 | Buy/Sell/Vol: 0/0/0 |  Delta: -131/ -35/ -10 Avg: 4439/4389 |  lat:  158 ms| bidding (0) | balance:500000  
2018-01-05 03:53:08 | Price: p:4370/b:4370/a:4379/l:4646 | Buy/Sell/Vol: 0/0/0 |  Delta: -121/ -25/   0 Avg: 4439/4388 |  lat:  150 ms| bidding (0) | balance:500000  
2018-01-05 03:53:11 | Price: p:4370/b:4370/a:4380/l:4646 | Buy/Sell/Vol: 0/0/0 |  Delta: -130/ -35/ -10 Avg: 4438/4388 |  lat:   54 ms| bidding (0) | balance:500000  
2018-01-05 03:53:11 | Price: p:4370/b:4370/a:4375/l:4646 | Buy/Sell/Vol: 0/0/0 |  Delta: -130/ -35/ -10 Avg: 4438/4388 |  lat:   53 ms| bidding (0) | balance:500000  
2018-01-05 03:53:18 | Price: p:4370/b:4370/a:4375/l:4646 | Buy/Sell/Vol: 0/0/0 |  Delta: -130/ -35/ -10 Avg: 4437/4388 |  lat:   55 ms| bidding (0) | balance:500000  
2018-01-05 03:53:19 | Price: p:4370/b:4370/a:4375/l:4646 | Buy/Sell/Vol: 0/0/0 |  Delta: -130/ -35/ -10 Avg: 4437/4388 |  lat:   58 ms| bidding (0) | balance:500000  
2018-01-05 03:53:19 | Price: p:4370/b:4371/a:4380/l:4646 | Buy/Sell/Vol: 0/0/0 |  Delta: -130/ -35/ -10 Avg: 4437/4388 |  lat:   64 ms| bidding (0) | balance:500000  
2018-01-05 03:53:19 | Price: p:4370/b:4371/a:4375/l:4646 | Buy/Sell/Vol: 0/0/0 |  Delta: -130/ -35/ -10 Avg: 4437/4388 |  lat:   58 ms| bidding (0) | balance:500000  
2018-01-05 03:53:19 | Price: p:4370/b:4371/a:4380/l:4646 | Buy/Sell/Vol: 0/0/0 |  Delta: -130/ -35/ -10 Avg: 4437/4388 |  lat:   57 ms| bidding (0) | balance:500000  
2018-01-05 03:53:28 | Price: p:4370/b:4369/a:4370/l:4646 | Buy/Sell/Vol: 0/0/0 |  Delta: -130/ -35/   0 Avg: 4437/4387 |  lat:   60 ms| bidding (0) | balance:500000  
2018-01-05 03:53:31 | Price: p:4370/b:4361/a:4370/l:4646 | Buy/Sell/Vol: 0/0/0 |  Delta: -130/ -35/   0 Avg: 4436/4386 |  lat:   58 ms| bidding (0) | balance:500000  
2018-01-05 03:53:31 | Price: p:4370/b:4363/a:4370/l:4646 | Buy/Sell/Vol: 0/0/0 |  Delta: -130/ -35/   0 Avg: 4436/4386 |  lat:   56 ms| bidding (0) | balance:500000  
2018-01-05 03:53:40 | Price: p:4361/b:4361/a:4370/l:4646 | Buy/Sell/Vol: 0/0/0 |  Delta: -139/ -43/  -9 Avg: 4435/4386 |  lat:   56 ms| bidding (0) | balance:500000  
2018-01-05 03:53:40 | Price: p:4361/b:4361/a:4380/l:4646 | Buy/Sell/Vol: 0/0/0 |  Delta: -139/ -37/  -9 Avg: 4435/4386 |  lat:   56 ms| bidding (0) | balance:500000  
2018-01-05 03:53:52 | Price: p:4360/b:4360/a:4380/l:4646 | Buy/Sell/Vol: 0/0/0 |  Delta: -140/ -38/ -10 Avg: 4433/4385 |  lat:   55 ms| bidding (0) | balance:500000  
2018-01-05 03:53:52 | Price: p:4360/b:4361/a:4380/l:4646 | Buy/Sell/Vol: 0/0/0 |  Delta: -140/ -38/ -10 Avg: 4433/4385 |  lat:   53 ms| bidding (0) | balance:500000  
2018-01-05 03:53:55 | Price: p:4361/b:4361/a:4380/l:4646 | Buy/Sell/Vol: 0/0/0 |  Delta: -139/ -44/  -9 Avg: 4433/4385 |  lat:   56 ms| bidding (0) | balance:500000  
2018-01-05 03:54:04 | Price: p:4357/b:4357/a:4380/l:4646 | Buy/Sell/Vol: 0/0/0 |  Delta: -143/ -43/ -13 Avg: 4432/4384 |  lat:   55 ms| bidding (0) | balance:500000  
2018-01-05 03:54:04 | Price: p:4357/b:4361/a:4380/l:4646 | Buy/Sell/Vol: 0/0/0 |  Delta: -143/ -43/ -22 Avg: 4432/4384 |  lat:   57 ms| bidding (0) | balance:500000  
2018-01-05 03:54:18 | Price: p:4356/b:4356/a:4380/l:4646 | Buy/Sell/Vol: 0/0/0 |  Delta: -144/ -44/ -15 Avg: 4431/4383 |  lat:   53 ms| bidding (0) | balance:500000  
2018-01-05 03:54:20 | Price: p:4356/b:4356/a:4380/l:4646 | Buy/Sell/Vol: 0/0/0 |  Delta: -144/ -44/ -15 Avg: 4431/4383 |  lat:   57 ms| bidding (0) | balance:500000  
2018-01-05 03:54:20 | Price: p:4356/b:4356/a:4379/l:4646 | Buy/Sell/Vol: 0/0/0 |  Delta: -144/ -44/ -15 Avg: 4431/4383 |  lat:   61 ms| bidding (0) | balance:500000  
2018-01-05 03:54:27 | Price: p:4356/b:4356/a:4379/l:4646 | Buy/Sell/Vol: 0/0/0 |  Delta: -144/ -44/ -13 Avg: 4431/4383 |  lat:   59 ms| bidding (0) | balance:500000  
2018-01-05 03:54:27 | Price: p:4356/b:4356/a:4361/l:4646 | Buy/Sell/Vol: 0/0/0 |  Delta: -144/ -44/  -7 Avg: 4431/4383 |  lat:   55 ms| bidding (0) | balance:500000  
2018-01-05 03:54:46 | Price: p:4361/b:4356/a:4361/l:4646 | Buy/Sell/Vol: 0/0/0 |  Delta: -139/ -39/   0 Avg: 4431/4382 |  lat:   86 ms| bidding (0) | balance:500000  
2018-01-05 03:55:01 | Price: p:4361/b:4356/a:4361/l:4646 | Buy/Sell/Vol: 0/0/0 |  Delta: -140/ -43/  -5 Avg: 4430/4382 |  lat:   69 ms| bidding (0) | balance:500000  
2018-01-05 03:55:04 | Price: p:4355/b:4351/a:4361/l:4646 | Buy/Sell/Vol: 0/0/0 |  Delta: -145/ -48/ -10 Avg: 4430/4381 |  lat:   85 ms| bidding (0) | balance:500000  
2018-01-05 03:55:04 | Price: p:4351/b:4351/a:4361/l:4646 | Buy/Sell/Vol: 0/0/0 |  Delta: -145/ -49/ -10 Avg: 4430/4381 |  lat:   85 ms| bidding (0) | balance:500000  
2018-01-05 03:55:04 | Price: p:4351/b:4350/a:4361/l:4646 | Buy/Sell/Vol: 0/0/0 |  Delta: -145/ -49/ -10 Avg: 4430/4381 |  lat:   70 ms| bidding (0) | balance:500000  
2018-01-05 03:55:13 | Price: p:4350/b:4350/a:4361/l:4646 | Buy/Sell/Vol: 0/0/0 |  Delta: -130/ -50/ -11 Avg: 4428/4380 |  lat:   84 ms| bidding (0) | balance:500000  
2018-01-05 03:55:14 | Price: p:4350/b:4350/a:4361/l:4646 | Buy/Sell/Vol: 0/0/0 |  Delta: -130/ -50/ -11 Avg: 4428/4379 |  lat:   55 ms| bidding (0) | balance:500000  
2018-01-05 03:55:15 | Price: p:4350/b:4350/a:4360/l:4646 | Buy/Sell/Vol: 0/0/0 |  Delta: -130/ -49/  -6 Avg: 4428/4379 |  lat:   77 ms| bidding (0) | balance:500000  
2018-01-05 03:55:18 | Price: p:4350/b:4350/a:4360/l:4646 | Buy/Sell/Vol: 0/0/0 |  Delta: -130/ -49/  -6 Avg: 4426/4376 |  lat:   68 ms| bidding (0) | balance:500000  
2018-01-05 03:55:19 | Price: p:4350/b:4350/a:4360/l:4646 | Buy/Sell/Vol: 0/0/0 |  Delta: -130/ -50/  -6 Avg: 4426/4376 |  lat:   72 ms| bidding (0) | balance:500000  
2018-01-05 03:55:20 | Price: p:4350/b:4350/a:4360/l:4646 | Buy/Sell/Vol: 0/0/0 |  Delta: -130/ -49/  -6 Avg: 4426/4376 |  lat:  186 ms| bidding (0) | balance:500000  
2018-01-05 03:55:24 | Price: p:4350/b:4350/a:4360/l:4646 | Buy/Sell/Vol: 0/0/0 |  Delta: -130/ -49/  -6 Avg: 4425/4375 |  lat:   74 ms| bidding (0) | balance:500000  
2018-01-05 03:55:26 | Price: p:4350/b:4350/a:4360/l:4646 | Buy/Sell/Vol: 0/0/0 |  Delta: -130/ -49/ -11 Avg: 4425/4375 |  lat:  115 ms| bidding (0) | balance:500000  
2018-01-05 03:55:37 | Price: p:4350/b:4350/a:4360/l:4646 | Buy/Sell/Vol: 0/0/0 |  Delta: -139/ -59/ -21 Avg: 4424/4373 |  lat:   53 ms| bidding (0) | balance:500000  
2018-01-05 03:55:38 | Price: p:4340/b:4340/a:4350/l:4646 | Buy/Sell/Vol: 0/0/0 |  Delta: -139/ -59/ -21 Avg: 4424/4373 |  lat:   62 ms| bidding (0) | balance:500000  
2018-01-05 03:55:41 | Price: p:4350/b:4340/a:4350/l:4646 | Buy/Sell/Vol: 0/0/0 |  Delta: -129/ -50/ -11 Avg: 4424/4373 |  lat:   56 ms| bidding (0) | balance:500000  
2018-01-05 03:55:44 | Price: p:4340/b:4338/a:4350/l:4646 | Buy/Sell/Vol: 0/0/0 |  Delta: -139/ -60/ -21 Avg: 4423/4372 |  lat:   68 ms| bidding (0) | balance:500000  
2018-01-05 03:55:48 | Price: p:4338/b:4336/a:4337/l:4646 | Buy/Sell/Vol: 0/0/0 |  Delta: -141/ -62/ -23 Avg: 4423/4372 |  lat:   60 ms| bidding (0) | balance:500000  
2018-01-05 03:55:55 | Price: p:4330/b:4330/a:4337/l:4646 | Buy/Sell/Vol: 0/0/0 |  Delta: -149/ -70/ -31 Avg: 4422/4371 |  lat:   76 ms| bidding (0) | balance:500000  
2018-01-05 03:55:56 | Price: p:4330/b:4330/a:4337/l:4646 | Buy/Sell/Vol: 0/0/0 |  Delta: -150/ -70/ -31 Avg: 4422/4371 |  lat:   51 ms| bidding (0) | balance:500000  
2018-01-05 03:56:04 | Price: p:4323/b:4323/a:4330/l:4646 | Buy/Sell/Vol: 0/0/0 |  Delta: -157/ -77/ -27 Avg: 4422/4370 |  lat:   85 ms| bidding (0) | balance:500000  
2018-01-05 03:56:08 | Price: p:4323/b:4323/a:4330/l:4646 | Buy/Sell/Vol: 0/0/0 |  Delta: -147/ -77/ -27 Avg: 4421/4370 |  lat:   72 ms| bidding (0) | balance:500000  
2018-01-05 03:56:10 | Price: p:4323/b:4323/a:4330/l:4646 | Buy/Sell/Vol: 0/0/0 |  Delta: -147/ -77/ -27 Avg: 4421/4370 |  lat:   53 ms| bidding (0) | balance:500000  
2018-01-05 03:56:13 | Price: p:4322/b:4321/a:4322/l:4646 | Buy/Sell/Vol: 0/0/0 |  Delta: -148/ -78/ -28 Avg: 4421/4369 |  lat:   52 ms| bidding (0) | balance:500000  
2018-01-05 03:56:15 | Price: p:4322/b:4321/a:4322/l:4646 | Buy/Sell/Vol: 0/0/0 |  Delta: -156/ -77/ -28 Avg: 4421/4369 |  lat:   50 ms| bidding (0) | balance:500000  
2018-01-05 03:56:22 | Price: p:4321/b:4321/a:4322/l:4646 | Buy/Sell/Vol: 0/0/0 |  Delta: -157/ -79/ -29 Avg: 4421/4368 |  lat:   56 ms| bidding (0) | balance:500000  
2018-01-05 03:56:22 | Price: p:4321/b:4321/a:4322/l:4646 | Buy/Sell/Vol: 0/0/0 |  Delta: -157/ -78/ -29 Avg: 4421/4368 |  lat:   51 ms| bidding (0) | balance:500000  
2018-01-05 03:56:27 | Price: p:4322/b:4321/a:4322/l:4646 | Buy/Sell/Vol: 0/0/0 |  Delta: -156/ -78/ -28 Avg: 4421/4368 |  lat:   52 ms| bidding (0) | balance:500000  
2018-01-05 03:56:32 | Price: p:4322/b:4321/a:4322/l:4646 | Buy/Sell/Vol: 0/0/0 |  Delta: -158/ -78/ -28 Avg: 4420/4367 |  lat:   54 ms| bidding (0) | balance:500000  
2018-01-05 03:56:37 | Price: p:4320/b:4320/a:4321/l:4646 | Buy/Sell/Vol: 0/0/0 |  Delta: -160/ -80/ -30 Avg: 4420/4367 |  lat:  106 ms| bidding (0) | balance:500000  
2018-01-05 03:56:48 | Price: p:4320/b:4320/a:4321/l:4646 | Buy/Sell/Vol: 0/0/0 |  Delta: -180/ -80/ -16 Avg: 4419/4367 |  lat:   56 ms| bidding (0) | balance:500000  
2018-01-05 03:56:51 | Price: p:4320/b:4320/a:4321/l:4646 | Buy/Sell/Vol: 0/0/0 |  Delta: -180/ -80/ -16 Avg: 4419/4366 |  lat:   55 ms| bidding (0) | balance:500000  
2018-01-05 03:57:01 | Price: p:4320/b:4320/a:4321/l:4646 | Buy/Sell/Vol: 0/0/0 |  Delta: -180/ -80/ -10 Avg: 4419/4366 |  lat:  165 ms| bidding (0) | balance:500000  
2018-01-05 03:57:08 | Price: p:4320/b:4320/a:4321/l:4646 | Buy/Sell/Vol: 0/0/0 |  Delta: -180/ -80/  -3 Avg: 4418/4364 |  lat:   96 ms| bidding (0) | balance:500000  
2018-01-05 03:57:11 | Price: p:4320/b:4320/a:4321/l:4646 | Buy/Sell/Vol: 0/0/0 |  Delta: -180/ -80/  -3 Avg: 4418/4363 |  lat:   56 ms| bidding (0) | balance:500000  
2018-01-05 03:57:11 | Price: p:4320/b:4319/a:4320/l:4646 | Buy/Sell/Vol: 0/0/0 |  Delta: -180/ -80/  -2 Avg: 4418/4363 |  lat:   55 ms| bidding (0) | balance:500000  
2018-01-05 03:57:14 | Price: p:4320/b:4319/a:4320/l:4646 | Buy/Sell/Vol: 0/0/0 |  Delta: -180/ -80/  -1 Avg: 4417/4363 |  lat:  141 ms| bidding (0) | balance:500000  
2018-01-05 03:57:17 | Price: p:4321/b:4321/a:4322/l:4646 | Buy/Sell/Vol: 0/0/0 |  Delta: -179/ -79/   0 Avg: 4417/4363 |  lat:  132 ms| bidding (0) | balance:500000  
2018-01-05 03:57:21 | Price: p:4321/b:4321/a:4322/l:4646 | Buy/Sell/Vol: 0/0/0 |  Delta: -179/ -79/  -1 Avg: 4417/4362 |  lat:   58 ms| bidding (0) | balance:500000  
2018-01-05 03:57:26 | Price: p:4321/b:4321/a:4322/l:4646 | Buy/Sell/Vol: 0/0/0 |  Delta: -178/ -79/  -1 Avg: 4416/4362 |  lat:   84 ms| bidding (0) | balance:500000  
2018-01-05 03:57:33 | Price: p:4322/b:4321/a:4322/l:4646 | Buy/Sell/Vol: 0/0/0 |  Delta: -179/ -78/   2 Avg: 4416/4362 |  lat:  152 ms| bidding (0) | balance:500000  
Hit : Baby Slump
Traceback (most recent call last):
  File "korbit_trading_xrp.py", line 196, in <module>
    mybid = {"currency_pair" : currency, "type":"limit", "price": buy_price, "coin_amount": buy_volume, "nonce": getNonce()}
NameError: name 'getNonce' is not defined
